22:59:30.145784 execve("./hello", ["./hello"], 0x7ffc9df11b78 /* 9 vars */) = 0
22:59:30.148774 brk(NULL)               = 0x557b06e5a000
22:59:30.150736 arch_prctl(0x3001 /* ARCH_??? */, 0x7ffed338cf60) = -1 EINVAL (Invalid argument)
22:59:30.152241 access("/etc/ld.so.preload", R_OK) = -1 ENOENT (No such file or directory)
22:59:30.154131 openat(AT_FDCWD, "/etc/ld.so.cache", O_RDONLY|O_CLOEXEC) = 3
22:59:30.156068 fstat(3, {st_mode=S_IFREG|0644, st_size=13632, ...}) = 0
22:59:30.157329 mmap(NULL, 13632, PROT_READ, MAP_PRIVATE, 3, 0) = 0x7f1977bdd000
22:59:30.159088 close(3)                = 0
22:59:30.160242 openat(AT_FDCWD, "/lib/x86_64-linux-gnu/libc.so.6", O_RDONLY|O_CLOEXEC) = 3
22:59:30.161769 read(3, "\177ELF\2\1\1\3\0\0\0\0\0\0\0\0\3\0>\0\1\0\0\0\300A\2\0\0\0\0\0"..., 832) = 832
22:59:30.163082 pread64(3, "\6\0\0\0\4\0\0\0@\0\0\0\0\0\0\0@\0\0\0\0\0\0\0@\0\0\0\0\0\0\0"..., 784, 64) = 784
22:59:30.164962 pread64(3, "\4\0\0\0\20\0\0\0\5\0\0\0GNU\0\2\0\0\300\4\0\0\0\3\0\0\0\0\0\0\0", 32, 848) = 32
22:59:30.166996 pread64(3, "\4\0\0\0\24\0\0\0\3\0\0\0GNU\0\30x\346\264ur\f|Q\226\236i\253-'o"..., 68, 880) = 68
22:59:30.169010 fstat(3, {st_mode=S_IFREG|0755, st_size=2029592, ...}) = 0
22:59:30.170201 mmap(NULL, 8192, PROT_READ|PROT_WRITE, MAP_PRIVATE|MAP_ANONYMOUS, -1, 0) = 0x7f1977bdb000
22:59:30.171416 pread64(3, "\6\0\0\0\4\0\0\0@\0\0\0\0\0\0\0@\0\0\0\0\0\0\0@\0\0\0\0\0\0\0"..., 784, 64) = 784
22:59:30.172565 pread64(3, "\4\0\0\0\20\0\0\0\5\0\0\0GNU\0\2\0\0\300\4\0\0\0\3\0\0\0\0\0\0\0", 32, 848) = 32
22:59:30.174152 pread64(3, "\4\0\0\0\24\0\0\0\3\0\0\0GNU\0\30x\346\264ur\f|Q\226\236i\253-'o"..., 68, 880) = 68
22:59:30.175274 mmap(NULL, 2037344, PROT_READ, MAP_PRIVATE|MAP_DENYWRITE, 3, 0) = 0x7f19779e9000
22:59:30.176635 mmap(0x7f1977a0b000, 1540096, PROT_READ|PROT_EXEC, MAP_PRIVATE|MAP_FIXED|MAP_DENYWRITE, 3, 0x22000) = 0x7f1977a0b000
22:59:30.177702 mmap(0x7f1977b83000, 319488, PROT_READ, MAP_PRIVATE|MAP_FIXED|MAP_DENYWRITE, 3, 0x19a000) = 0x7f1977b83000
22:59:30.179367 mmap(0x7f1977bd1000, 24576, PROT_READ|PROT_WRITE, MAP_PRIVATE|MAP_FIXED|MAP_DENYWRITE, 3, 0x1e7000) = 0x7f1977bd1000
22:59:30.180556 mmap(0x7f1977bd7000, 13920, PROT_READ|PROT_WRITE, MAP_PRIVATE|MAP_FIXED|MAP_ANONYMOUS, -1, 0) = 0x7f1977bd7000
22:59:30.182196 close(3)                = 0
22:59:30.183962 arch_prctl(ARCH_SET_FS, 0x7f1977bdc540) = 0
22:59:30.185725 mprotect(0x7f1977bd1000, 16384, PROT_READ) = 0
22:59:30.187478 mprotect(0x557b06b43000, 4096, PROT_READ) = 0
22:59:30.188621 mprotect(0x7f1977c0e000, 4096, PROT_READ) = 0
22:59:30.190465 munmap(0x7f1977bdd000, 13632) = 0
22:59:30.192301 fstat(1, {st_mode=S_IFCHR|0620, st_rdev=makedev(0x88, 0), ...}) = 0
22:59:30.193590 brk(NULL)               = 0x557b06e5a000
22:59:30.195470 brk(0x557b06e7b000)     = 0x557b06e7b000
22:59:30.196578 write(1, "hello world\n", 12) = 12
22:59:30.198816 exit_group(0)           = ?
22:59:30.201440 +++ exited with 0 +++
