execve("/usr/bin/php", ["php", "./hello.php"], 0x7fff85367ce8 /* 9 vars */) = 0
brk(NULL)                               = 0x55801cba7000
arch_prctl(0x3001 /* ARCH_??? */, 0x7ffc802cb530) = -1 EINVAL (Invalid argument)
access("/etc/ld.so.preload", R_OK)      = -1 ENOENT (No such file or directory)
openat(AT_FDCWD, "/etc/ld.so.cache", O_RDONLY|O_CLOEXEC) = 3
fstat(3, {st_mode=S_IFREG|0644, st_size=13632, ...}) = 0
mmap(NULL, 13632, PROT_READ, MAP_PRIVATE, 3, 0) = 0x7ffbe41a1000
close(3)                                = 0
openat(AT_FDCWD, "/lib/x86_64-linux-gnu/libargon2.so.1", O_RDONLY|O_CLOEXEC) = 3
read(3, "\177ELF\2\1\1\0\0\0\0\0\0\0\0\0\3\0>\0\1\0\0\0\20\21\0\0\0\0\0\0"..., 832) = 832
fstat(3, {st_mode=S_IFREG|0644, st_size=34872, ...}) = 0
mmap(NULL, 8192, PROT_READ|PROT_WRITE, MAP_PRIVATE|MAP_ANONYMOUS, -1, 0) = 0x7ffbe419f000
mmap(NULL, 37024, PROT_READ, MAP_PRIVATE|MAP_DENYWRITE, 3, 0) = 0x7ffbe4195000
mmap(0x7ffbe4196000, 20480, PROT_READ|PROT_EXEC, MAP_PRIVATE|MAP_FIXED|MAP_DENYWRITE, 3, 0x1000) = 0x7ffbe4196000
mmap(0x7ffbe419b000, 8192, PROT_READ, MAP_PRIVATE|MAP_FIXED|MAP_DENYWRITE, 3, 0x6000) = 0x7ffbe419b000
mmap(0x7ffbe419d000, 8192, PROT_READ|PROT_WRITE, MAP_PRIVATE|MAP_FIXED|MAP_DENYWRITE, 3, 0x7000) = 0x7ffbe419d000
close(3)                                = 0
openat(AT_FDCWD, "/lib/x86_64-linux-gnu/libresolv.so.2", O_RDONLY|O_CLOEXEC) = 3
read(3, "\177ELF\2\1\1\0\0\0\0\0\0\0\0\0\3\0>\0\1\0\0\0 G\0\0\0\0\0\0"..., 832) = 832
fstat(3, {st_mode=S_IFREG|0644, st_size=101352, ...}) = 0
mmap(NULL, 113280, PROT_READ, MAP_PRIVATE|MAP_DENYWRITE, 3, 0) = 0x7ffbe4179000
mmap(0x7ffbe417d000, 65536, PROT_READ|PROT_EXEC, MAP_PRIVATE|MAP_FIXED|MAP_DENYWRITE, 3, 0x4000) = 0x7ffbe417d000
mmap(0x7ffbe418d000, 16384, PROT_READ, MAP_PRIVATE|MAP_FIXED|MAP_DENYWRITE, 3, 0x14000) = 0x7ffbe418d000
mmap(0x7ffbe4191000, 8192, PROT_READ|PROT_WRITE, MAP_PRIVATE|MAP_FIXED|MAP_DENYWRITE, 3, 0x17000) = 0x7ffbe4191000
mmap(0x7ffbe4193000, 6784, PROT_READ|PROT_WRITE, MAP_PRIVATE|MAP_FIXED|MAP_ANONYMOUS, -1, 0) = 0x7ffbe4193000
close(3)                                = 0
openat(AT_FDCWD, "/lib/x86_64-linux-gnu/libm.so.6", O_RDONLY|O_CLOEXEC) = 3
read(3, "\177ELF\2\1\1\3\0\0\0\0\0\0\0\0\3\0>\0\1\0\0\0\300\323\0\0\0\0\0\0"..., 832) = 832
fstat(3, {st_mode=S_IFREG|0644, st_size=1369384, ...}) = 0
mmap(NULL, 1368336, PROT_READ, MAP_PRIVATE|MAP_DENYWRITE, 3, 0) = 0x7ffbe402a000
mmap(0x7ffbe4037000, 684032, PROT_READ|PROT_EXEC, MAP_PRIVATE|MAP_FIXED|MAP_DENYWRITE, 3, 0xd000) = 0x7ffbe4037000
mmap(0x7ffbe40de000, 626688, PROT_READ, MAP_PRIVATE|MAP_FIXED|MAP_DENYWRITE, 3, 0xb4000) = 0x7ffbe40de000
mmap(0x7ffbe4177000, 8192, PROT_READ|PROT_WRITE, MAP_PRIVATE|MAP_FIXED|MAP_DENYWRITE, 3, 0x14c000) = 0x7ffbe4177000
close(3)                                = 0
openat(AT_FDCWD, "/lib/x86_64-linux-gnu/libdl.so.2", O_RDONLY|O_CLOEXEC) = 3
read(3, "\177ELF\2\1\1\0\0\0\0\0\0\0\0\0\3\0>\0\1\0\0\0 \22\0\0\0\0\0\0"..., 832) = 832
fstat(3, {st_mode=S_IFREG|0644, st_size=18848, ...}) = 0
mmap(NULL, 20752, PROT_READ, MAP_PRIVATE|MAP_DENYWRITE, 3, 0) = 0x7ffbe4024000
mmap(0x7ffbe4025000, 8192, PROT_READ|PROT_EXEC, MAP_PRIVATE|MAP_FIXED|MAP_DENYWRITE, 3, 0x1000) = 0x7ffbe4025000
mmap(0x7ffbe4027000, 4096, PROT_READ, MAP_PRIVATE|MAP_FIXED|MAP_DENYWRITE, 3, 0x3000) = 0x7ffbe4027000
mmap(0x7ffbe4028000, 8192, PROT_READ|PROT_WRITE, MAP_PRIVATE|MAP_FIXED|MAP_DENYWRITE, 3, 0x3000) = 0x7ffbe4028000
close(3)                                = 0
openat(AT_FDCWD, "/lib/x86_64-linux-gnu/libxml2.so.2", O_RDONLY|O_CLOEXEC) = 3
read(3, "\177ELF\2\1\1\0\0\0\0\0\0\0\0\0\3\0>\0\1\0\0\0P\336\2\0\0\0\0\0"..., 832) = 832
fstat(3, {st_mode=S_IFREG|0644, st_size=1799408, ...}) = 0
mmap(NULL, 1806584, PROT_READ, MAP_PRIVATE|MAP_DENYWRITE, 3, 0) = 0x7ffbe3e6a000
mmap(0x7ffbe3e97000, 1220608, PROT_READ|PROT_EXEC, MAP_PRIVATE|MAP_FIXED|MAP_DENYWRITE, 3, 0x2d000) = 0x7ffbe3e97000
mmap(0x7ffbe3fc1000, 356352, PROT_READ, MAP_PRIVATE|MAP_FIXED|MAP_DENYWRITE, 3, 0x157000) = 0x7ffbe3fc1000
mmap(0x7ffbe4018000, 40960, PROT_READ|PROT_WRITE, MAP_PRIVATE|MAP_FIXED|MAP_DENYWRITE, 3, 0x1ad000) = 0x7ffbe4018000
mmap(0x7ffbe4022000, 4344, PROT_READ|PROT_WRITE, MAP_PRIVATE|MAP_FIXED|MAP_ANONYMOUS, -1, 0) = 0x7ffbe4022000
close(3)                                = 0
openat(AT_FDCWD, "/lib/x86_64-linux-gnu/libssl.so.1.1", O_RDONLY|O_CLOEXEC) = 3
read(3, "\177ELF\2\1\1\0\0\0\0\0\0\0\0\0\3\0>\0\1\0\0\0p\367\1\0\0\0\0\0"..., 832) = 832
fstat(3, {st_mode=S_IFREG|0644, st_size=598104, ...}) = 0
mmap(NULL, 600368, PROT_READ, MAP_PRIVATE|MAP_DENYWRITE, 3, 0) = 0x7ffbe3dd7000
mprotect(0x7ffbe3df3000, 434176, PROT_NONE) = 0
mmap(0x7ffbe3df3000, 323584, PROT_READ|PROT_EXEC, MAP_PRIVATE|MAP_FIXED|MAP_DENYWRITE, 3, 0x1c000) = 0x7ffbe3df3000
mmap(0x7ffbe3e42000, 106496, PROT_READ, MAP_PRIVATE|MAP_FIXED|MAP_DENYWRITE, 3, 0x6b000) = 0x7ffbe3e42000
mmap(0x7ffbe3e5d000, 53248, PROT_READ|PROT_WRITE, MAP_PRIVATE|MAP_FIXED|MAP_DENYWRITE, 3, 0x85000) = 0x7ffbe3e5d000
close(3)                                = 0
openat(AT_FDCWD, "/lib/x86_64-linux-gnu/libcrypto.so.1.1", O_RDONLY|O_CLOEXEC) = 3
read(3, "\177ELF\2\1\1\0\0\0\0\0\0\0\0\0\3\0>\0\1\0\0\0\0\220\7\0\0\0\0\0"..., 832) = 832
fstat(3, {st_mode=S_IFREG|0644, st_size=2954080, ...}) = 0
mmap(NULL, 8192, PROT_READ|PROT_WRITE, MAP_PRIVATE|MAP_ANONYMOUS, -1, 0) = 0x7ffbe3dd5000
mmap(NULL, 2973600, PROT_READ, MAP_PRIVATE|MAP_DENYWRITE, 3, 0) = 0x7ffbe3aff000
mmap(0x7ffbe3b77000, 1683456, PROT_READ|PROT_EXEC, MAP_PRIVATE|MAP_FIXED|MAP_DENYWRITE, 3, 0x78000) = 0x7ffbe3b77000
mmap(0x7ffbe3d12000, 593920, PROT_READ, MAP_PRIVATE|MAP_FIXED|MAP_DENYWRITE, 3, 0x213000) = 0x7ffbe3d12000
mmap(0x7ffbe3da3000, 188416, PROT_READ|PROT_WRITE, MAP_PRIVATE|MAP_FIXED|MAP_DENYWRITE, 3, 0x2a3000) = 0x7ffbe3da3000
mmap(0x7ffbe3dd1000, 16288, PROT_READ|PROT_WRITE, MAP_PRIVATE|MAP_FIXED|MAP_ANONYMOUS, -1, 0) = 0x7ffbe3dd1000
close(3)                                = 0
openat(AT_FDCWD, "/lib/x86_64-linux-gnu/libpcre2-8.so.0", O_RDONLY|O_CLOEXEC) = 3
read(3, "\177ELF\2\1\1\0\0\0\0\0\0\0\0\0\3\0>\0\1\0\0\0\340\"\0\0\0\0\0\0"..., 832) = 832
fstat(3, {st_mode=S_IFREG|0644, st_size=584392, ...}) = 0
mmap(NULL, 586536, PROT_READ, MAP_PRIVATE|MAP_DENYWRITE, 3, 0) = 0x7ffbe3a6f000
mmap(0x7ffbe3a71000, 409600, PROT_READ|PROT_EXEC, MAP_PRIVATE|MAP_FIXED|MAP_DENYWRITE, 3, 0x2000) = 0x7ffbe3a71000
mmap(0x7ffbe3ad5000, 163840, PROT_READ, MAP_PRIVATE|MAP_FIXED|MAP_DENYWRITE, 3, 0x66000) = 0x7ffbe3ad5000
mmap(0x7ffbe3afd000, 8192, PROT_READ|PROT_WRITE, MAP_PRIVATE|MAP_FIXED|MAP_DENYWRITE, 3, 0x8d000) = 0x7ffbe3afd000
close(3)                                = 0
openat(AT_FDCWD, "/lib/x86_64-linux-gnu/libz.so.1", O_RDONLY|O_CLOEXEC) = 3
read(3, "\177ELF\2\1\1\3\0\0\0\0\0\0\0\0\3\0>\0\1\0\0\0\200\"\0\0\0\0\0\0"..., 832) = 832
fstat(3, {st_mode=S_IFREG|0644, st_size=108936, ...}) = 0
mmap(NULL, 110776, PROT_READ, MAP_PRIVATE|MAP_DENYWRITE, 3, 0) = 0x7ffbe3a53000
mprotect(0x7ffbe3a55000, 98304, PROT_NONE) = 0
mmap(0x7ffbe3a55000, 69632, PROT_READ|PROT_EXEC, MAP_PRIVATE|MAP_FIXED|MAP_DENYWRITE, 3, 0x2000) = 0x7ffbe3a55000
mmap(0x7ffbe3a66000, 24576, PROT_READ, MAP_PRIVATE|MAP_FIXED|MAP_DENYWRITE, 3, 0x13000) = 0x7ffbe3a66000
mmap(0x7ffbe3a6d000, 8192, PROT_READ|PROT_WRITE, MAP_PRIVATE|MAP_FIXED|MAP_DENYWRITE, 3, 0x19000) = 0x7ffbe3a6d000
close(3)                                = 0
openat(AT_FDCWD, "/lib/x86_64-linux-gnu/libsodium.so.23", O_RDONLY|O_CLOEXEC) = 3
read(3, "\177ELF\2\1\1\0\0\0\0\0\0\0\0\0\3\0>\0\1\0\0\0\200\302\0\0\0\0\0\0"..., 832) = 832
fstat(3, {st_mode=S_IFREG|0644, st_size=355016, ...}) = 0
mmap(NULL, 357384, PROT_READ, MAP_PRIVATE|MAP_DENYWRITE, 3, 0) = 0x7ffbe39fb000
mmap(0x7ffbe3a07000, 229376, PROT_READ|PROT_EXEC, MAP_PRIVATE|MAP_FIXED|MAP_DENYWRITE, 3, 0xc000) = 0x7ffbe3a07000
mmap(0x7ffbe3a3f000, 73728, PROT_READ, MAP_PRIVATE|MAP_FIXED|MAP_DENYWRITE, 3, 0x44000) = 0x7ffbe3a3f000
mmap(0x7ffbe3a51000, 8192, PROT_READ|PROT_WRITE, MAP_PRIVATE|MAP_FIXED|MAP_DENYWRITE, 3, 0x55000) = 0x7ffbe3a51000
close(3)                                = 0
openat(AT_FDCWD, "/lib/x86_64-linux-gnu/libc.so.6", O_RDONLY|O_CLOEXEC) = 3
read(3, "\177ELF\2\1\1\3\0\0\0\0\0\0\0\0\3\0>\0\1\0\0\0\300A\2\0\0\0\0\0"..., 832) = 832
pread64(3, "\6\0\0\0\4\0\0\0@\0\0\0\0\0\0\0@\0\0\0\0\0\0\0@\0\0\0\0\0\0\0"..., 784, 64) = 784
pread64(3, "\4\0\0\0\20\0\0\0\5\0\0\0GNU\0\2\0\0\300\4\0\0\0\3\0\0\0\0\0\0\0", 32, 848) = 32
pread64(3, "\4\0\0\0\24\0\0\0\3\0\0\0GNU\0\30x\346\264ur\f|Q\226\236i\253-'o"..., 68, 880) = 68
fstat(3, {st_mode=S_IFREG|0755, st_size=2029592, ...}) = 0
pread64(3, "\6\0\0\0\4\0\0\0@\0\0\0\0\0\0\0@\0\0\0\0\0\0\0@\0\0\0\0\0\0\0"..., 784, 64) = 784
pread64(3, "\4\0\0\0\20\0\0\0\5\0\0\0GNU\0\2\0\0\300\4\0\0\0\3\0\0\0\0\0\0\0", 32, 848) = 32
pread64(3, "\4\0\0\0\24\0\0\0\3\0\0\0GNU\0\30x\346\264ur\f|Q\226\236i\253-'o"..., 68, 880) = 68
mmap(NULL, 2037344, PROT_READ, MAP_PRIVATE|MAP_DENYWRITE, 3, 0) = 0x7ffbe3809000
mmap(0x7ffbe382b000, 1540096, PROT_READ|PROT_EXEC, MAP_PRIVATE|MAP_FIXED|MAP_DENYWRITE, 3, 0x22000) = 0x7ffbe382b000
mmap(0x7ffbe39a3000, 319488, PROT_READ, MAP_PRIVATE|MAP_FIXED|MAP_DENYWRITE, 3, 0x19a000) = 0x7ffbe39a3000
mmap(0x7ffbe39f1000, 24576, PROT_READ|PROT_WRITE, MAP_PRIVATE|MAP_FIXED|MAP_DENYWRITE, 3, 0x1e7000) = 0x7ffbe39f1000
mmap(0x7ffbe39f7000, 13920, PROT_READ|PROT_WRITE, MAP_PRIVATE|MAP_FIXED|MAP_ANONYMOUS, -1, 0) = 0x7ffbe39f7000
close(3)                                = 0
openat(AT_FDCWD, "/lib/x86_64-linux-gnu/libpthread.so.0", O_RDONLY|O_CLOEXEC) = 3
read(3, "\177ELF\2\1\1\0\0\0\0\0\0\0\0\0\3\0>\0\1\0\0\0\220q\0\0\0\0\0\0"..., 832) = 832
pread64(3, "\4\0\0\0\24\0\0\0\3\0\0\0GNU\0{E6\364\34\332\245\210\204\10\350-\0106\343="..., 68, 824) = 68
fstat(3, {st_mode=S_IFREG|0755, st_size=157224, ...}) = 0
pread64(3, "\4\0\0\0\24\0\0\0\3\0\0\0GNU\0{E6\364\34\332\245\210\204\10\350-\0106\343="..., 68, 824) = 68
mmap(NULL, 140408, PROT_READ, MAP_PRIVATE|MAP_DENYWRITE, 3, 0) = 0x7ffbe37e6000
mmap(0x7ffbe37ec000, 69632, PROT_READ|PROT_EXEC, MAP_PRIVATE|MAP_FIXED|MAP_DENYWRITE, 3, 0x6000) = 0x7ffbe37ec000
mmap(0x7ffbe37fd000, 24576, PROT_READ, MAP_PRIVATE|MAP_FIXED|MAP_DENYWRITE, 3, 0x17000) = 0x7ffbe37fd000
mmap(0x7ffbe3803000, 8192, PROT_READ|PROT_WRITE, MAP_PRIVATE|MAP_FIXED|MAP_DENYWRITE, 3, 0x1c000) = 0x7ffbe3803000
mmap(0x7ffbe3805000, 13432, PROT_READ|PROT_WRITE, MAP_PRIVATE|MAP_FIXED|MAP_ANONYMOUS, -1, 0) = 0x7ffbe3805000
close(3)                                = 0
openat(AT_FDCWD, "/lib/x86_64-linux-gnu/libicuuc.so.66", O_RDONLY|O_CLOEXEC) = 3
read(3, "\177ELF\2\1\1\0\0\0\0\0\0\0\0\0\3\0>\0\1\0\0\0 Y\6\0\0\0\0\0"..., 832) = 832
fstat(3, {st_mode=S_IFREG|0644, st_size=1976648, ...}) = 0
mmap(NULL, 8192, PROT_READ|PROT_WRITE, MAP_PRIVATE|MAP_ANONYMOUS, -1, 0) = 0x7ffbe37e4000
mmap(NULL, 1987008, PROT_READ, MAP_PRIVATE|MAP_DENYWRITE, 3, 0) = 0x7ffbe35fe000
mprotect(0x7ffbe3663000, 1490944, PROT_NONE) = 0
mmap(0x7ffbe3663000, 937984, PROT_READ|PROT_EXEC, MAP_PRIVATE|MAP_FIXED|MAP_DENYWRITE, 3, 0x65000) = 0x7ffbe3663000
mmap(0x7ffbe3748000, 548864, PROT_READ, MAP_PRIVATE|MAP_FIXED|MAP_DENYWRITE, 3, 0x14a000) = 0x7ffbe3748000
mmap(0x7ffbe37cf000, 77824, PROT_READ|PROT_WRITE, MAP_PRIVATE|MAP_FIXED|MAP_DENYWRITE, 3, 0x1d0000) = 0x7ffbe37cf000
mmap(0x7ffbe37e2000, 4544, PROT_READ|PROT_WRITE, MAP_PRIVATE|MAP_FIXED|MAP_ANONYMOUS, -1, 0) = 0x7ffbe37e2000
close(3)                                = 0
openat(AT_FDCWD, "/lib/x86_64-linux-gnu/liblzma.so.5", O_RDONLY|O_CLOEXEC) = 3
read(3, "\177ELF\2\1\1\0\0\0\0\0\0\0\0\0\3\0>\0\1\0\0\0\3003\0\0\0\0\0\0"..., 832) = 832
fstat(3, {st_mode=S_IFREG|0644, st_size=162264, ...}) = 0
mmap(NULL, 164104, PROT_READ, MAP_PRIVATE|MAP_DENYWRITE, 3, 0) = 0x7ffbe35d5000
mprotect(0x7ffbe35d8000, 147456, PROT_NONE) = 0
mmap(0x7ffbe35d8000, 98304, PROT_READ|PROT_EXEC, MAP_PRIVATE|MAP_FIXED|MAP_DENYWRITE, 3, 0x3000) = 0x7ffbe35d8000
mmap(0x7ffbe35f0000, 45056, PROT_READ, MAP_PRIVATE|MAP_FIXED|MAP_DENYWRITE, 3, 0x1b000) = 0x7ffbe35f0000
mmap(0x7ffbe35fc000, 8192, PROT_READ|PROT_WRITE, MAP_PRIVATE|MAP_FIXED|MAP_DENYWRITE, 3, 0x26000) = 0x7ffbe35fc000
close(3)                                = 0
openat(AT_FDCWD, "/lib/x86_64-linux-gnu/libicudata.so.66", O_RDONLY|O_CLOEXEC) = 3
read(3, "\177ELF\2\1\1\0\0\0\0\0\0\0\0\0\3\0>\0\1\0\0\0@\20\0\0\0\0\0\0"..., 832) = 832
fstat(3, {st_mode=S_IFREG|0644, st_size=28046896, ...}) = 0
mmap(NULL, 28049424, PROT_READ, MAP_PRIVATE|MAP_DENYWRITE, 3, 0) = 0x7ffbe1b14000
mmap(0x7ffbe1b15000, 4096, PROT_READ|PROT_EXEC, MAP_PRIVATE|MAP_FIXED|MAP_DENYWRITE, 3, 0x1000) = 0x7ffbe1b15000
mmap(0x7ffbe1b16000, 28037120, PROT_READ, MAP_PRIVATE|MAP_FIXED|MAP_DENYWRITE, 3, 0x2000) = 0x7ffbe1b16000
mmap(0x7ffbe35d3000, 8192, PROT_READ|PROT_WRITE, MAP_PRIVATE|MAP_FIXED|MAP_DENYWRITE, 3, 0x1abe000) = 0x7ffbe35d3000
close(3)                                = 0
openat(AT_FDCWD, "/lib/x86_64-linux-gnu/libstdc++.so.6", O_RDONLY|O_CLOEXEC) = 3
read(3, "\177ELF\2\1\1\3\0\0\0\0\0\0\0\0\3\0>\0\1\0\0\0`\341\t\0\0\0\0\0"..., 832) = 832
fstat(3, {st_mode=S_IFREG|0644, st_size=1956992, ...}) = 0
mmap(NULL, 1972224, PROT_READ, MAP_PRIVATE|MAP_DENYWRITE, 3, 0) = 0x7ffbe1932000
mprotect(0x7ffbe19c8000, 1290240, PROT_NONE) = 0
mmap(0x7ffbe19c8000, 987136, PROT_READ|PROT_EXEC, MAP_PRIVATE|MAP_FIXED|MAP_DENYWRITE, 3, 0x96000) = 0x7ffbe19c8000
mmap(0x7ffbe1ab9000, 299008, PROT_READ, MAP_PRIVATE|MAP_FIXED|MAP_DENYWRITE, 3, 0x187000) = 0x7ffbe1ab9000
mmap(0x7ffbe1b03000, 57344, PROT_READ|PROT_WRITE, MAP_PRIVATE|MAP_FIXED|MAP_DENYWRITE, 3, 0x1d0000) = 0x7ffbe1b03000
mmap(0x7ffbe1b11000, 10240, PROT_READ|PROT_WRITE, MAP_PRIVATE|MAP_FIXED|MAP_ANONYMOUS, -1, 0) = 0x7ffbe1b11000
close(3)                                = 0
openat(AT_FDCWD, "/lib/x86_64-linux-gnu/libgcc_s.so.1", O_RDONLY|O_CLOEXEC) = 3
read(3, "\177ELF\2\1\1\0\0\0\0\0\0\0\0\0\3\0>\0\1\0\0\0\3405\0\0\0\0\0\0"..., 832) = 832
fstat(3, {st_mode=S_IFREG|0644, st_size=104984, ...}) = 0
mmap(NULL, 107592, PROT_READ, MAP_PRIVATE|MAP_DENYWRITE, 3, 0) = 0x7ffbe1917000
mmap(0x7ffbe191a000, 73728, PROT_READ|PROT_EXEC, MAP_PRIVATE|MAP_FIXED|MAP_DENYWRITE, 3, 0x3000) = 0x7ffbe191a000
mmap(0x7ffbe192c000, 16384, PROT_READ, MAP_PRIVATE|MAP_FIXED|MAP_DENYWRITE, 3, 0x15000) = 0x7ffbe192c000
mmap(0x7ffbe1930000, 8192, PROT_READ|PROT_WRITE, MAP_PRIVATE|MAP_FIXED|MAP_DENYWRITE, 3, 0x18000) = 0x7ffbe1930000
close(3)                                = 0
mmap(NULL, 8192, PROT_READ|PROT_WRITE, MAP_PRIVATE|MAP_ANONYMOUS, -1, 0) = 0x7ffbe1915000
mmap(NULL, 8192, PROT_READ|PROT_WRITE, MAP_PRIVATE|MAP_ANONYMOUS, -1, 0) = 0x7ffbe1913000
arch_prctl(ARCH_SET_FS, 0x7ffbe1914500) = 0
mprotect(0x7ffbe39f1000, 16384, PROT_READ) = 0
mprotect(0x7ffbe1930000, 4096, PROT_READ) = 0
mprotect(0x7ffbe4177000, 4096, PROT_READ) = 0
mmap(NULL, 8192, PROT_READ|PROT_WRITE, MAP_PRIVATE|MAP_ANONYMOUS, -1, 0) = 0x7ffbe1911000
mprotect(0x7ffbe1b03000, 45056, PROT_READ) = 0
mprotect(0x7ffbe35d3000, 4096, PROT_READ) = 0
mprotect(0x7ffbe3803000, 4096, PROT_READ) = 0
mprotect(0x7ffbe35fc000, 4096, PROT_READ) = 0
mprotect(0x7ffbe4028000, 4096, PROT_READ) = 0
mprotect(0x7ffbe37cf000, 73728, PROT_READ) = 0
mprotect(0x7ffbe3a51000, 4096, PROT_READ) = 0
mprotect(0x7ffbe3a6d000, 4096, PROT_READ) = 0
mprotect(0x7ffbe3afd000, 4096, PROT_READ) = 0
mprotect(0x7ffbe3da3000, 180224, PROT_READ) = 0
mprotect(0x7ffbe3e5d000, 36864, PROT_READ) = 0
mprotect(0x7ffbe4018000, 36864, PROT_READ) = 0
mprotect(0x7ffbe4191000, 4096, PROT_READ) = 0
mprotect(0x7ffbe419d000, 4096, PROT_READ) = 0
mprotect(0x55801ab63000, 569344, PROT_READ) = 0
mprotect(0x7ffbe41d2000, 4096, PROT_READ) = 0
munmap(0x7ffbe41a1000, 13632)           = 0
set_tid_address(0x7ffbe19147d0)         = 9321
set_robust_list(0x7ffbe19147e0, 24)     = 0
rt_sigaction(SIGRTMIN, {sa_handler=0x7ffbe37ecbf0, sa_mask=[], sa_flags=SA_RESTORER|SA_SIGINFO, sa_restorer=0x7ffbe37fa420}, NULL, 8) = 0
rt_sigaction(SIGRT_1, {sa_handler=0x7ffbe37ecc90, sa_mask=[], sa_flags=SA_RESTORER|SA_RESTART|SA_SIGINFO, sa_restorer=0x7ffbe37fa420}, NULL, 8) = 0
rt_sigprocmask(SIG_UNBLOCK, [RTMIN RT_1], NULL, 8) = 0
prlimit64(0, RLIMIT_STACK, NULL, {rlim_cur=8192*1024, rlim_max=RLIM64_INFINITY}) = 0
brk(NULL)                               = 0x55801cba7000
brk(0x55801cbc8000)                     = 0x55801cbc8000
rt_sigaction(SIGPIPE, {sa_handler=SIG_IGN, sa_mask=[PIPE], sa_flags=SA_RESTORER|SA_RESTART, sa_restorer=0x7ffbe384c090}, {sa_handler=SIG_DFL, sa_mask=[], sa_flags=0}, 8) = 0
rt_sigaction(SIGHUP, NULL, {sa_handler=SIG_DFL, sa_mask=[], sa_flags=0}, 8) = 0
rt_sigaction(SIGINT, NULL, {sa_handler=SIG_DFL, sa_mask=[], sa_flags=0}, 8) = 0
rt_sigaction(SIGQUIT, NULL, {sa_handler=SIG_DFL, sa_mask=[], sa_flags=0}, 8) = 0
rt_sigaction(SIGILL, NULL, {sa_handler=SIG_DFL, sa_mask=[], sa_flags=0}, 8) = 0
rt_sigaction(SIGTRAP, NULL, {sa_handler=SIG_DFL, sa_mask=[], sa_flags=0}, 8) = 0
rt_sigaction(SIGABRT, NULL, {sa_handler=SIG_DFL, sa_mask=[], sa_flags=0}, 8) = 0
rt_sigaction(SIGBUS, NULL, {sa_handler=SIG_DFL, sa_mask=[], sa_flags=0}, 8) = 0
rt_sigaction(SIGFPE, NULL, {sa_handler=SIG_DFL, sa_mask=[], sa_flags=0}, 8) = 0
rt_sigaction(SIGKILL, NULL, {sa_handler=SIG_DFL, sa_mask=[], sa_flags=0}, 8) = 0
rt_sigaction(SIGUSR1, NULL, {sa_handler=SIG_DFL, sa_mask=[], sa_flags=0}, 8) = 0
rt_sigaction(SIGSEGV, NULL, {sa_handler=SIG_DFL, sa_mask=[], sa_flags=0}, 8) = 0
rt_sigaction(SIGUSR2, NULL, {sa_handler=SIG_DFL, sa_mask=[], sa_flags=0}, 8) = 0
rt_sigaction(SIGPIPE, NULL, {sa_handler=SIG_IGN, sa_mask=[PIPE], sa_flags=SA_RESTORER|SA_RESTART, sa_restorer=0x7ffbe384c090}, 8) = 0
rt_sigaction(SIGALRM, NULL, {sa_handler=SIG_DFL, sa_mask=[], sa_flags=0}, 8) = 0
rt_sigaction(SIGTERM, NULL, {sa_handler=SIG_DFL, sa_mask=[], sa_flags=0}, 8) = 0
rt_sigaction(SIGSTKFLT, NULL, {sa_handler=SIG_DFL, sa_mask=[], sa_flags=0}, 8) = 0
rt_sigaction(SIGCHLD, NULL, {sa_handler=SIG_DFL, sa_mask=[], sa_flags=0}, 8) = 0
rt_sigaction(SIGCONT, NULL, {sa_handler=SIG_DFL, sa_mask=[], sa_flags=0}, 8) = 0
rt_sigaction(SIGSTOP, NULL, {sa_handler=SIG_DFL, sa_mask=[], sa_flags=0}, 8) = 0
rt_sigaction(SIGTSTP, NULL, {sa_handler=SIG_DFL, sa_mask=[], sa_flags=0}, 8) = 0
rt_sigaction(SIGTTIN, NULL, {sa_handler=SIG_DFL, sa_mask=[], sa_flags=0}, 8) = 0
rt_sigaction(SIGTTOU, NULL, {sa_handler=SIG_DFL, sa_mask=[], sa_flags=0}, 8) = 0
rt_sigaction(SIGURG, NULL, {sa_handler=SIG_DFL, sa_mask=[], sa_flags=0}, 8) = 0
rt_sigaction(SIGXCPU, NULL, {sa_handler=SIG_DFL, sa_mask=[], sa_flags=0}, 8) = 0
rt_sigaction(SIGXFSZ, NULL, {sa_handler=SIG_DFL, sa_mask=[], sa_flags=0}, 8) = 0
rt_sigaction(SIGVTALRM, NULL, {sa_handler=SIG_DFL, sa_mask=[], sa_flags=0}, 8) = 0
rt_sigaction(SIGPROF, NULL, {sa_handler=SIG_DFL, sa_mask=[], sa_flags=0}, 8) = 0
rt_sigaction(SIGWINCH, NULL, {sa_handler=SIG_DFL, sa_mask=[], sa_flags=0}, 8) = 0
rt_sigaction(SIGIO, NULL, {sa_handler=SIG_DFL, sa_mask=[], sa_flags=0}, 8) = 0
rt_sigaction(SIGPWR, NULL, {sa_handler=SIG_DFL, sa_mask=[], sa_flags=0}, 8) = 0
rt_sigaction(SIGSYS, NULL, {sa_handler=SIG_DFL, sa_mask=[], sa_flags=0}, 8) = 0
rt_sigaction(SIGRT_2, NULL, {sa_handler=SIG_DFL, sa_mask=[], sa_flags=0}, 8) = 0
rt_sigaction(SIGRT_3, NULL, {sa_handler=SIG_DFL, sa_mask=[], sa_flags=0}, 8) = 0
rt_sigaction(SIGRT_4, NULL, {sa_handler=SIG_DFL, sa_mask=[], sa_flags=0}, 8) = 0
rt_sigaction(SIGRT_5, NULL, {sa_handler=SIG_DFL, sa_mask=[], sa_flags=0}, 8) = 0
rt_sigaction(SIGRT_6, NULL, {sa_handler=SIG_DFL, sa_mask=[], sa_flags=0}, 8) = 0
rt_sigaction(SIGRT_7, NULL, {sa_handler=SIG_DFL, sa_mask=[], sa_flags=0}, 8) = 0
rt_sigaction(SIGRT_8, NULL, {sa_handler=SIG_DFL, sa_mask=[], sa_flags=0}, 8) = 0
rt_sigaction(SIGRT_9, NULL, {sa_handler=SIG_DFL, sa_mask=[], sa_flags=0}, 8) = 0
rt_sigaction(SIGRT_10, NULL, {sa_handler=SIG_DFL, sa_mask=[], sa_flags=0}, 8) = 0
rt_sigaction(SIGRT_11, NULL, {sa_handler=SIG_DFL, sa_mask=[], sa_flags=0}, 8) = 0
rt_sigaction(SIGRT_12, NULL, {sa_handler=SIG_DFL, sa_mask=[], sa_flags=0}, 8) = 0
rt_sigaction(SIGRT_13, NULL, {sa_handler=SIG_DFL, sa_mask=[], sa_flags=0}, 8) = 0
rt_sigaction(SIGRT_14, NULL, {sa_handler=SIG_DFL, sa_mask=[], sa_flags=0}, 8) = 0
rt_sigaction(SIGRT_15, NULL, {sa_handler=SIG_DFL, sa_mask=[], sa_flags=0}, 8) = 0
rt_sigaction(SIGRT_16, NULL, {sa_handler=SIG_DFL, sa_mask=[], sa_flags=0}, 8) = 0
rt_sigaction(SIGRT_17, NULL, {sa_handler=SIG_DFL, sa_mask=[], sa_flags=0}, 8) = 0
rt_sigaction(SIGRT_18, NULL, {sa_handler=SIG_DFL, sa_mask=[], sa_flags=0}, 8) = 0
rt_sigaction(SIGRT_19, NULL, {sa_handler=SIG_DFL, sa_mask=[], sa_flags=0}, 8) = 0
rt_sigaction(SIGRT_20, NULL, {sa_handler=SIG_DFL, sa_mask=[], sa_flags=0}, 8) = 0
rt_sigaction(SIGRT_21, NULL, {sa_handler=SIG_DFL, sa_mask=[], sa_flags=0}, 8) = 0
rt_sigaction(SIGRT_22, NULL, {sa_handler=SIG_DFL, sa_mask=[], sa_flags=0}, 8) = 0
rt_sigaction(SIGRT_23, NULL, {sa_handler=SIG_DFL, sa_mask=[], sa_flags=0}, 8) = 0
rt_sigaction(SIGRT_24, NULL, {sa_handler=SIG_DFL, sa_mask=[], sa_flags=0}, 8) = 0
rt_sigaction(SIGRT_25, NULL, {sa_handler=SIG_DFL, sa_mask=[], sa_flags=0}, 8) = 0
rt_sigaction(SIGRT_26, NULL, {sa_handler=SIG_DFL, sa_mask=[], sa_flags=0}, 8) = 0
rt_sigaction(SIGRT_27, NULL, {sa_handler=SIG_DFL, sa_mask=[], sa_flags=0}, 8) = 0
rt_sigaction(SIGRT_28, NULL, {sa_handler=SIG_DFL, sa_mask=[], sa_flags=0}, 8) = 0
rt_sigaction(SIGRT_29, NULL, {sa_handler=SIG_DFL, sa_mask=[], sa_flags=0}, 8) = 0
rt_sigaction(SIGRT_30, NULL, {sa_handler=SIG_DFL, sa_mask=[], sa_flags=0}, 8) = 0
rt_sigaction(SIGRT_31, NULL, {sa_handler=SIG_DFL, sa_mask=[], sa_flags=0}, 8) = 0
rt_sigaction(SIGRT_32, NULL, {sa_handler=SIG_DFL, sa_mask=[], sa_flags=0}, 8) = 0
mmap(NULL, 2097152, PROT_READ|PROT_WRITE, MAP_PRIVATE|MAP_ANONYMOUS, -1, 0) = 0x7ffbe1711000
munmap(0x7ffbe1711000, 2097152)         = 0
mmap(NULL, 4190208, PROT_READ|PROT_WRITE, MAP_PRIVATE|MAP_ANONYMOUS, -1, 0) = 0x7ffbe1512000
munmap(0x7ffbe1512000, 974848)          = 0
munmap(0x7ffbe1800000, 1118208)         = 0
getcwd("/workspace/linux", 4096)        = 17
brk(0x55801cbf2000)                     = 0x55801cbf2000
openat(AT_FDCWD, "/etc/localtime", O_RDONLY|O_CLOEXEC) = 3
fstat(3, {st_mode=S_IFREG|0644, st_size=309, ...}) = 0
fstat(3, {st_mode=S_IFREG|0644, st_size=309, ...}) = 0
read(3, "TZif2\0\0\0\0\0\0\0\0\0\0\0\0\0\0\0\0\0\0\4\0\0\0\4\0\0\0\0"..., 4096) = 309
lseek(3, -176, SEEK_CUR)                = 133
read(3, "TZif2\0\0\0\0\0\0\0\0\0\0\0\0\0\0\0\0\0\0\4\0\0\0\4\0\0\0\0"..., 4096) = 176
close(3)                                = 0
lstat("/usr/local/sbin/php", 0x7ffc802c7e30) = -1 ENOENT (No such file or directory)
lstat("/usr/local/bin/php", 0x7ffc802c7e30) = -1 ENOENT (No such file or directory)
lstat("/usr/sbin/php", 0x7ffc802c7e30)  = -1 ENOENT (No such file or directory)
lstat("/usr/bin/php", {st_mode=S_IFLNK|0777, st_size=21, ...}) = 0
readlink("/usr/bin/php", "/etc/alternatives/php", 4096) = 21
lstat("/etc/alternatives/php", {st_mode=S_IFLNK|0777, st_size=15, ...}) = 0
readlink("/etc/alternatives/php", "/usr/bin/php7.4", 4096) = 15
lstat("/usr/bin/php7.4", {st_mode=S_IFREG|0755, st_size=4773816, ...}) = 0
lstat("/usr/bin", {st_mode=S_IFDIR|0755, st_size=4096, ...}) = 0
lstat("/usr", {st_mode=S_IFDIR|0755, st_size=4096, ...}) = 0
access("/usr/bin/php7.4", X_OK)         = 0
stat("/usr/bin/php7.4", {st_mode=S_IFREG|0755, st_size=4773816, ...}) = 0
openat(AT_FDCWD, "/usr/bin/php-cli.ini", O_RDONLY) = -1 ENOENT (No such file or directory)
openat(AT_FDCWD, "/etc/php/7.4/cli/php-cli.ini", O_RDONLY) = -1 ENOENT (No such file or directory)
openat(AT_FDCWD, "/usr/bin/php.ini", O_RDONLY) = -1 ENOENT (No such file or directory)
openat(AT_FDCWD, "/etc/php/7.4/cli/php.ini", O_RDONLY) = 3
ioctl(3, TCGETS, 0x7ffc802c8cc0)        = -1 ENOTTY (Inappropriate ioctl for device)
fstat(3, {st_mode=S_IFREG|0644, st_size=72539, ...}) = 0
fstat(3, {st_mode=S_IFREG|0644, st_size=72539, ...}) = 0
read(3, "[PHP]\n\n;;;;;;;;;;;;;;;;;;;\n; Abo"..., 69632) = 69632
read(3, "eset. The default \"\" disables fi"..., 4096) = 2907
close(3)                                = 0
openat(AT_FDCWD, "/etc/php/7.4/cli/conf.d", O_RDONLY|O_NONBLOCK|O_CLOEXEC|O_DIRECTORY) = 3
fstat(3, {st_mode=S_IFDIR|0755, st_size=4096, ...}) = 0
getdents64(3, /* 22 entries */, 32768)  = 768
getdents64(3, /* 0 entries */, 32768)   = 0
close(3)                                = 0
stat("/etc/php/7.4/cli/conf.d/10-opcache.ini", {st_mode=S_IFREG|0644, st_size=79, ...}) = 0
openat(AT_FDCWD, "/etc/php/7.4/cli/conf.d/10-opcache.ini", O_RDONLY) = 3
ioctl(3, TCGETS, 0x7ffc802c8cc0)        = -1 ENOTTY (Inappropriate ioctl for device)
fstat(3, {st_mode=S_IFREG|0644, st_size=79, ...}) = 0
fstat(3, {st_mode=S_IFREG|0644, st_size=79, ...}) = 0
read(3, "; configuration for php opcache "..., 4096) = 79
close(3)                                = 0
stat("/etc/php/7.4/cli/conf.d/10-pdo.ini", {st_mode=S_IFREG|0644, st_size=69, ...}) = 0
openat(AT_FDCWD, "/etc/php/7.4/cli/conf.d/10-pdo.ini", O_RDONLY) = 3
ioctl(3, TCGETS, 0x7ffc802c8cc0)        = -1 ENOTTY (Inappropriate ioctl for device)
fstat(3, {st_mode=S_IFREG|0644, st_size=69, ...}) = 0
fstat(3, {st_mode=S_IFREG|0644, st_size=69, ...}) = 0
read(3, "; configuration for php common m"..., 4096) = 69
close(3)                                = 0
stat("/etc/php/7.4/cli/conf.d/20-calendar.ini", {st_mode=S_IFREG|0644, st_size=74, ...}) = 0
openat(AT_FDCWD, "/etc/php/7.4/cli/conf.d/20-calendar.ini", O_RDONLY) = 3
ioctl(3, TCGETS, 0x7ffc802c8cc0)        = -1 ENOTTY (Inappropriate ioctl for device)
fstat(3, {st_mode=S_IFREG|0644, st_size=74, ...}) = 0
fstat(3, {st_mode=S_IFREG|0644, st_size=74, ...}) = 0
read(3, "; configuration for php common m"..., 4096) = 74
close(3)                                = 0
stat("/etc/php/7.4/cli/conf.d/20-ctype.ini", {st_mode=S_IFREG|0644, st_size=71, ...}) = 0
openat(AT_FDCWD, "/etc/php/7.4/cli/conf.d/20-ctype.ini", O_RDONLY) = 3
ioctl(3, TCGETS, 0x7ffc802c8cc0)        = -1 ENOTTY (Inappropriate ioctl for device)
fstat(3, {st_mode=S_IFREG|0644, st_size=71, ...}) = 0
fstat(3, {st_mode=S_IFREG|0644, st_size=71, ...}) = 0
read(3, "; configuration for php common m"..., 4096) = 71
close(3)                                = 0
stat("/etc/php/7.4/cli/conf.d/20-exif.ini", {st_mode=S_IFREG|0644, st_size=70, ...}) = 0
openat(AT_FDCWD, "/etc/php/7.4/cli/conf.d/20-exif.ini", O_RDONLY) = 3
ioctl(3, TCGETS, 0x7ffc802c8cc0)        = -1 ENOTTY (Inappropriate ioctl for device)
fstat(3, {st_mode=S_IFREG|0644, st_size=70, ...}) = 0
fstat(3, {st_mode=S_IFREG|0644, st_size=70, ...}) = 0
read(3, "; configuration for php common m"..., 4096) = 70
close(3)                                = 0
stat("/etc/php/7.4/cli/conf.d/20-ffi.ini", {st_mode=S_IFREG|0644, st_size=69, ...}) = 0
openat(AT_FDCWD, "/etc/php/7.4/cli/conf.d/20-ffi.ini", O_RDONLY) = 3
ioctl(3, TCGETS, 0x7ffc802c8cc0)        = -1 ENOTTY (Inappropriate ioctl for device)
fstat(3, {st_mode=S_IFREG|0644, st_size=69, ...}) = 0
fstat(3, {st_mode=S_IFREG|0644, st_size=69, ...}) = 0
read(3, "; configuration for php common m"..., 4096) = 69
close(3)                                = 0
stat("/etc/php/7.4/cli/conf.d/20-fileinfo.ini", {st_mode=S_IFREG|0644, st_size=74, ...}) = 0
openat(AT_FDCWD, "/etc/php/7.4/cli/conf.d/20-fileinfo.ini", O_RDONLY) = 3
ioctl(3, TCGETS, 0x7ffc802c8cc0)        = -1 ENOTTY (Inappropriate ioctl for device)
fstat(3, {st_mode=S_IFREG|0644, st_size=74, ...}) = 0
fstat(3, {st_mode=S_IFREG|0644, st_size=74, ...}) = 0
read(3, "; configuration for php common m"..., 4096) = 74
close(3)                                = 0
stat("/etc/php/7.4/cli/conf.d/20-ftp.ini", {st_mode=S_IFREG|0644, st_size=69, ...}) = 0
openat(AT_FDCWD, "/etc/php/7.4/cli/conf.d/20-ftp.ini", O_RDONLY) = 3
ioctl(3, TCGETS, 0x7ffc802c8cc0)        = -1 ENOTTY (Inappropriate ioctl for device)
fstat(3, {st_mode=S_IFREG|0644, st_size=69, ...}) = 0
fstat(3, {st_mode=S_IFREG|0644, st_size=69, ...}) = 0
read(3, "; configuration for php common m"..., 4096) = 69
close(3)                                = 0
stat("/etc/php/7.4/cli/conf.d/20-gettext.ini", {st_mode=S_IFREG|0644, st_size=73, ...}) = 0
openat(AT_FDCWD, "/etc/php/7.4/cli/conf.d/20-gettext.ini", O_RDONLY) = 3
ioctl(3, TCGETS, 0x7ffc802c8cc0)        = -1 ENOTTY (Inappropriate ioctl for device)
fstat(3, {st_mode=S_IFREG|0644, st_size=73, ...}) = 0
fstat(3, {st_mode=S_IFREG|0644, st_size=73, ...}) = 0
read(3, "; configuration for php common m"..., 4096) = 73
close(3)                                = 0
stat("/etc/php/7.4/cli/conf.d/20-iconv.ini", {st_mode=S_IFREG|0644, st_size=71, ...}) = 0
openat(AT_FDCWD, "/etc/php/7.4/cli/conf.d/20-iconv.ini", O_RDONLY) = 3
ioctl(3, TCGETS, 0x7ffc802c8cc0)        = -1 ENOTTY (Inappropriate ioctl for device)
fstat(3, {st_mode=S_IFREG|0644, st_size=71, ...}) = 0
fstat(3, {st_mode=S_IFREG|0644, st_size=71, ...}) = 0
read(3, "; configuration for php common m"..., 4096) = 71
close(3)                                = 0
stat("/etc/php/7.4/cli/conf.d/20-json.ini", {st_mode=S_IFREG|0644, st_size=68, ...}) = 0
openat(AT_FDCWD, "/etc/php/7.4/cli/conf.d/20-json.ini", O_RDONLY) = 3
ioctl(3, TCGETS, 0x7ffc802c8cc0)        = -1 ENOTTY (Inappropriate ioctl for device)
fstat(3, {st_mode=S_IFREG|0644, st_size=68, ...}) = 0
fstat(3, {st_mode=S_IFREG|0644, st_size=68, ...}) = 0
read(3, "; configuration for php json mod"..., 4096) = 68
close(3)                                = 0
stat("/etc/php/7.4/cli/conf.d/20-phar.ini", {st_mode=S_IFREG|0644, st_size=70, ...}) = 0
openat(AT_FDCWD, "/etc/php/7.4/cli/conf.d/20-phar.ini", O_RDONLY) = 3
ioctl(3, TCGETS, 0x7ffc802c8cc0)        = -1 ENOTTY (Inappropriate ioctl for device)
fstat(3, {st_mode=S_IFREG|0644, st_size=70, ...}) = 0
fstat(3, {st_mode=S_IFREG|0644, st_size=70, ...}) = 0
read(3, "; configuration for php common m"..., 4096) = 70
close(3)                                = 0
stat("/etc/php/7.4/cli/conf.d/20-posix.ini", {st_mode=S_IFREG|0644, st_size=71, ...}) = 0
openat(AT_FDCWD, "/etc/php/7.4/cli/conf.d/20-posix.ini", O_RDONLY) = 3
ioctl(3, TCGETS, 0x7ffc802c8cc0)        = -1 ENOTTY (Inappropriate ioctl for device)
fstat(3, {st_mode=S_IFREG|0644, st_size=71, ...}) = 0
fstat(3, {st_mode=S_IFREG|0644, st_size=71, ...}) = 0
read(3, "; configuration for php common m"..., 4096) = 71
close(3)                                = 0
stat("/etc/php/7.4/cli/conf.d/20-readline.ini", {st_mode=S_IFREG|0644, st_size=76, ...}) = 0
openat(AT_FDCWD, "/etc/php/7.4/cli/conf.d/20-readline.ini", O_RDONLY) = 3
ioctl(3, TCGETS, 0x7ffc802c8cc0)        = -1 ENOTTY (Inappropriate ioctl for device)
fstat(3, {st_mode=S_IFREG|0644, st_size=76, ...}) = 0
fstat(3, {st_mode=S_IFREG|0644, st_size=76, ...}) = 0
read(3, "; configuration for php readline"..., 4096) = 76
close(3)                                = 0
stat("/etc/php/7.4/cli/conf.d/20-shmop.ini", {st_mode=S_IFREG|0644, st_size=71, ...}) = 0
openat(AT_FDCWD, "/etc/php/7.4/cli/conf.d/20-shmop.ini", O_RDONLY) = 3
ioctl(3, TCGETS, 0x7ffc802c8cc0)        = -1 ENOTTY (Inappropriate ioctl for device)
fstat(3, {st_mode=S_IFREG|0644, st_size=71, ...}) = 0
fstat(3, {st_mode=S_IFREG|0644, st_size=71, ...}) = 0
read(3, "; configuration for php common m"..., 4096) = 71
close(3)                                = 0
stat("/etc/php/7.4/cli/conf.d/20-sockets.ini", {st_mode=S_IFREG|0644, st_size=73, ...}) = 0
openat(AT_FDCWD, "/etc/php/7.4/cli/conf.d/20-sockets.ini", O_RDONLY) = 3
ioctl(3, TCGETS, 0x7ffc802c8cc0)        = -1 ENOTTY (Inappropriate ioctl for device)
fstat(3, {st_mode=S_IFREG|0644, st_size=73, ...}) = 0
fstat(3, {st_mode=S_IFREG|0644, st_size=73, ...}) = 0
read(3, "; configuration for php common m"..., 4096) = 73
close(3)                                = 0
stat("/etc/php/7.4/cli/conf.d/20-sysvmsg.ini", {st_mode=S_IFREG|0644, st_size=73, ...}) = 0
openat(AT_FDCWD, "/etc/php/7.4/cli/conf.d/20-sysvmsg.ini", O_RDONLY) = 3
ioctl(3, TCGETS, 0x7ffc802c8cc0)        = -1 ENOTTY (Inappropriate ioctl for device)
fstat(3, {st_mode=S_IFREG|0644, st_size=73, ...}) = 0
fstat(3, {st_mode=S_IFREG|0644, st_size=73, ...}) = 0
read(3, "; configuration for php common m"..., 4096) = 73
close(3)                                = 0
stat("/etc/php/7.4/cli/conf.d/20-sysvsem.ini", {st_mode=S_IFREG|0644, st_size=73, ...}) = 0
openat(AT_FDCWD, "/etc/php/7.4/cli/conf.d/20-sysvsem.ini", O_RDONLY) = 3
ioctl(3, TCGETS, 0x7ffc802c8cc0)        = -1 ENOTTY (Inappropriate ioctl for device)
fstat(3, {st_mode=S_IFREG|0644, st_size=73, ...}) = 0
fstat(3, {st_mode=S_IFREG|0644, st_size=73, ...}) = 0
read(3, "; configuration for php common m"..., 4096) = 73
close(3)                                = 0
stat("/etc/php/7.4/cli/conf.d/20-sysvshm.ini", {st_mode=S_IFREG|0644, st_size=73, ...}) = 0
openat(AT_FDCWD, "/etc/php/7.4/cli/conf.d/20-sysvshm.ini", O_RDONLY) = 3
ioctl(3, TCGETS, 0x7ffc802c8cc0)        = -1 ENOTTY (Inappropriate ioctl for device)
fstat(3, {st_mode=S_IFREG|0644, st_size=73, ...}) = 0
fstat(3, {st_mode=S_IFREG|0644, st_size=73, ...}) = 0
read(3, "; configuration for php common m"..., 4096) = 73
close(3)                                = 0
stat("/etc/php/7.4/cli/conf.d/20-tokenizer.ini", {st_mode=S_IFREG|0644, st_size=75, ...}) = 0
openat(AT_FDCWD, "/etc/php/7.4/cli/conf.d/20-tokenizer.ini", O_RDONLY) = 3
ioctl(3, TCGETS, 0x7ffc802c8cc0)        = -1 ENOTTY (Inappropriate ioctl for device)
fstat(3, {st_mode=S_IFREG|0644, st_size=75, ...}) = 0
fstat(3, {st_mode=S_IFREG|0644, st_size=75, ...}) = 0
read(3, "; configuration for php common m"..., 4096) = 75
close(3)                                = 0
mmap(NULL, 135168, PROT_READ|PROT_WRITE, MAP_PRIVATE|MAP_ANONYMOUS, -1, 0) = 0x7ffbe18f0000
brk(0x55801cc13000)                     = 0x55801cc13000
brk(0x55801cc34000)                     = 0x55801cc34000
futex(0x7ffbe40290c8, FUTEX_WAKE_PRIVATE, 2147483647) = 0
openat(AT_FDCWD, "/usr/lib/php/20190902/opcache.so", O_RDONLY|O_CLOEXEC) = 3
read(3, "\177ELF\2\1\1\0\0\0\0\0\0\0\0\0\3\0>\0\1\0\0\0\300\377\0\0\0\0\0\0"..., 832) = 832
fstat(3, {st_mode=S_IFREG|0644, st_size=555688, ...}) = 0
mmap(NULL, 595464, PROT_READ, MAP_PRIVATE|MAP_DENYWRITE, 3, 0) = 0x7ffbe185e000
mprotect(0x7ffbe186c000, 462848, PROT_NONE) = 0
mmap(0x7ffbe186c000, 385024, PROT_READ|PROT_EXEC, MAP_PRIVATE|MAP_FIXED|MAP_DENYWRITE, 3, 0xe000) = 0x7ffbe186c000
mmap(0x7ffbe18ca000, 73728, PROT_READ, MAP_PRIVATE|MAP_FIXED|MAP_DENYWRITE, 3, 0x6c000) = 0x7ffbe18ca000
mmap(0x7ffbe18dd000, 40960, PROT_READ|PROT_WRITE, MAP_PRIVATE|MAP_FIXED|MAP_DENYWRITE, 3, 0x7e000) = 0x7ffbe18dd000
mmap(0x7ffbe18e7000, 34312, PROT_READ|PROT_WRITE, MAP_PRIVATE|MAP_FIXED|MAP_ANONYMOUS, -1, 0) = 0x7ffbe18e7000
close(3)                                = 0
openat(AT_FDCWD, "/etc/ld.so.cache", O_RDONLY|O_CLOEXEC) = 3
fstat(3, {st_mode=S_IFREG|0644, st_size=13632, ...}) = 0
mmap(NULL, 13632, PROT_READ, MAP_PRIVATE, 3, 0) = 0x7ffbe41a1000
close(3)                                = 0
openat(AT_FDCWD, "/lib/x86_64-linux-gnu/librt.so.1", O_RDONLY|O_CLOEXEC) = 3
read(3, "\177ELF\2\1\1\0\0\0\0\0\0\0\0\0\3\0>\0\1\0\0\0 '\0\0\0\0\0\0"..., 832) = 832
fstat(3, {st_mode=S_IFREG|0644, st_size=35960, ...}) = 0
mmap(NULL, 39904, PROT_READ, MAP_PRIVATE|MAP_DENYWRITE, 3, 0) = 0x7ffbe1854000
mmap(0x7ffbe1856000, 16384, PROT_READ|PROT_EXEC, MAP_PRIVATE|MAP_FIXED|MAP_DENYWRITE, 3, 0x2000) = 0x7ffbe1856000
mmap(0x7ffbe185a000, 8192, PROT_READ, MAP_PRIVATE|MAP_FIXED|MAP_DENYWRITE, 3, 0x6000) = 0x7ffbe185a000
mmap(0x7ffbe185c000, 8192, PROT_READ|PROT_WRITE, MAP_PRIVATE|MAP_FIXED|MAP_DENYWRITE, 3, 0x7000) = 0x7ffbe185c000
close(3)                                = 0
mprotect(0x7ffbe185c000, 4096, PROT_READ) = 0
mprotect(0x7ffbe18dd000, 36864, PROT_READ) = 0
munmap(0x7ffbe41a1000, 13632)           = 0
openat(AT_FDCWD, "/usr/lib/php/20190902/pdo.so", O_RDONLY|O_CLOEXEC) = 3
read(3, "\177ELF\2\1\1\0\0\0\0\0\0\0\0\0\3\0>\0\1\0\0\0\0r\0\0\0\0\0\0"..., 832) = 832
fstat(3, {st_mode=S_IFREG|0644, st_size=112904, ...}) = 0
mmap(NULL, 115880, PROT_READ, MAP_PRIVATE|MAP_DENYWRITE, 3, 0) = 0x7ffbe1837000
mmap(0x7ffbe183d000, 53248, PROT_READ|PROT_EXEC, MAP_PRIVATE|MAP_FIXED|MAP_DENYWRITE, 3, 0x6000) = 0x7ffbe183d000
mmap(0x7ffbe184a000, 24576, PROT_READ, MAP_PRIVATE|MAP_FIXED|MAP_DENYWRITE, 3, 0x13000) = 0x7ffbe184a000
mmap(0x7ffbe1850000, 16384, PROT_READ|PROT_WRITE, MAP_PRIVATE|MAP_FIXED|MAP_DENYWRITE, 3, 0x18000) = 0x7ffbe1850000
close(3)                                = 0
mprotect(0x7ffbe1850000, 12288, PROT_READ) = 0
openat(AT_FDCWD, "/usr/lib/php/20190902/calendar.so", O_RDONLY|O_CLOEXEC) = 3
read(3, "\177ELF\2\1\1\0\0\0\0\0\0\0\0\0\3\0>\0\1\0\0\0`3\0\0\0\0\0\0"..., 832) = 832
fstat(3, {st_mode=S_IFREG|0644, st_size=43272, ...}) = 0
mmap(NULL, 45264, PROT_READ, MAP_PRIVATE|MAP_DENYWRITE, 3, 0) = 0x7ffbe182b000
mprotect(0x7ffbe182e000, 24576, PROT_NONE) = 0
mmap(0x7ffbe182e000, 16384, PROT_READ|PROT_EXEC, MAP_PRIVATE|MAP_FIXED|MAP_DENYWRITE, 3, 0x3000) = 0x7ffbe182e000
mmap(0x7ffbe1832000, 4096, PROT_READ, MAP_PRIVATE|MAP_FIXED|MAP_DENYWRITE, 3, 0x7000) = 0x7ffbe1832000
mmap(0x7ffbe1834000, 12288, PROT_READ|PROT_WRITE, MAP_PRIVATE|MAP_FIXED|MAP_DENYWRITE, 3, 0x8000) = 0x7ffbe1834000
close(3)                                = 0
mprotect(0x7ffbe1834000, 8192, PROT_READ) = 0
openat(AT_FDCWD, "/usr/lib/php/20190902/ctype.so", O_RDONLY|O_CLOEXEC) = 3
read(3, "\177ELF\2\1\1\0\0\0\0\0\0\0\0\0\3\0>\0\1\0\0\0\340\20\0\0\0\0\0\0"..., 832) = 832
fstat(3, {st_mode=S_IFREG|0644, st_size=14600, ...}) = 0
mmap(NULL, 16592, PROT_READ, MAP_PRIVATE|MAP_DENYWRITE, 3, 0) = 0x7ffbe1826000
mmap(0x7ffbe1827000, 4096, PROT_READ|PROT_EXEC, MAP_PRIVATE|MAP_FIXED|MAP_DENYWRITE, 3, 0x1000) = 0x7ffbe1827000
mmap(0x7ffbe1828000, 4096, PROT_READ, MAP_PRIVATE|MAP_FIXED|MAP_DENYWRITE, 3, 0x2000) = 0x7ffbe1828000
mmap(0x7ffbe1829000, 8192, PROT_READ|PROT_WRITE, MAP_PRIVATE|MAP_FIXED|MAP_DENYWRITE, 3, 0x2000) = 0x7ffbe1829000
close(3)                                = 0
mprotect(0x7ffbe1829000, 4096, PROT_READ) = 0
openat(AT_FDCWD, "/usr/lib/php/20190902/exif.so", O_RDONLY|O_CLOEXEC) = 3
read(3, "\177ELF\2\1\1\0\0\0\0\0\0\0\0\0\3\0>\0\1\0\0\0 y\0\0\0\0\0\0"..., 832) = 832
fstat(3, {st_mode=S_IFREG|0644, st_size=92424, ...}) = 0
mmap(NULL, 94520, PROT_READ, MAP_PRIVATE|MAP_DENYWRITE, 3, 0) = 0x7ffbe180e000
mprotect(0x7ffbe1815000, 49152, PROT_NONE) = 0
mmap(0x7ffbe1815000, 28672, PROT_READ|PROT_EXEC, MAP_PRIVATE|MAP_FIXED|MAP_DENYWRITE, 3, 0x7000) = 0x7ffbe1815000
mmap(0x7ffbe181c000, 16384, PROT_READ, MAP_PRIVATE|MAP_FIXED|MAP_DENYWRITE, 3, 0xe000) = 0x7ffbe181c000
mmap(0x7ffbe1821000, 20480, PROT_READ|PROT_WRITE, MAP_PRIVATE|MAP_FIXED|MAP_DENYWRITE, 3, 0x12000) = 0x7ffbe1821000
close(3)                                = 0
mprotect(0x7ffbe1821000, 16384, PROT_READ) = 0
openat(AT_FDCWD, "/usr/lib/php/20190902/ffi.so", O_RDONLY|O_CLOEXEC) = 3
read(3, "\177ELF\2\1\1\0\0\0\0\0\0\0\0\0\3\0>\0\1\0\0\0 K\0\0\0\0\0\0"..., 832) = 832
fstat(3, {st_mode=S_IFREG|0644, st_size=162056, ...}) = 0
mmap(NULL, 166152, PROT_READ, MAP_PRIVATE|MAP_DENYWRITE, 3, 0) = 0x7ffbe15d7000
mprotect(0x7ffbe15db000, 139264, PROT_NONE) = 0
mmap(0x7ffbe15db000, 106496, PROT_READ|PROT_EXEC, MAP_PRIVATE|MAP_FIXED|MAP_DENYWRITE, 3, 0x4000) = 0x7ffbe15db000
mmap(0x7ffbe15f5000, 28672, PROT_READ, MAP_PRIVATE|MAP_FIXED|MAP_DENYWRITE, 3, 0x1e000) = 0x7ffbe15f5000
mmap(0x7ffbe15fd000, 12288, PROT_READ|PROT_WRITE, MAP_PRIVATE|MAP_FIXED|MAP_DENYWRITE, 3, 0x25000) = 0x7ffbe15fd000
close(3)                                = 0
openat(AT_FDCWD, "/etc/ld.so.cache", O_RDONLY|O_CLOEXEC) = 3
fstat(3, {st_mode=S_IFREG|0644, st_size=13632, ...}) = 0
mmap(NULL, 13632, PROT_READ, MAP_PRIVATE, 3, 0) = 0x7ffbe41a1000
close(3)                                = 0
openat(AT_FDCWD, "/lib/x86_64-linux-gnu/libffi.so.7", O_RDONLY|O_CLOEXEC) = 3
read(3, "\177ELF\2\1\1\0\0\0\0\0\0\0\0\0\3\0>\0\1\0\0\0000\"\0\0\0\0\0\0"..., 832) = 832
fstat(3, {st_mode=S_IFREG|0644, st_size=43416, ...}) = 0
mmap(NULL, 46632, PROT_READ, MAP_PRIVATE|MAP_DENYWRITE, 3, 0) = 0x7ffbe1802000
mprotect(0x7ffbe1804000, 32768, PROT_NONE) = 0
mmap(0x7ffbe1804000, 24576, PROT_READ|PROT_EXEC, MAP_PRIVATE|MAP_FIXED|MAP_DENYWRITE, 3, 0x2000) = 0x7ffbe1804000
mmap(0x7ffbe180a000, 4096, PROT_READ, MAP_PRIVATE|MAP_FIXED|MAP_DENYWRITE, 3, 0x8000) = 0x7ffbe180a000
mmap(0x7ffbe180c000, 8192, PROT_READ|PROT_WRITE, MAP_PRIVATE|MAP_FIXED|MAP_DENYWRITE, 3, 0x9000) = 0x7ffbe180c000
close(3)                                = 0
mprotect(0x7ffbe180c000, 4096, PROT_READ) = 0
mprotect(0x7ffbe15fd000, 8192, PROT_READ) = 0
munmap(0x7ffbe41a1000, 13632)           = 0
openat(AT_FDCWD, "/usr/lib/php/20190902/fileinfo.so", O_RDONLY|O_CLOEXEC) = 3
read(3, "\177ELF\2\1\1\0\0\0\0\0\0\0\0\0\3\0>\0\1\0\0\0\340M\0\0\0\0\0\0"..., 832) = 832
fstat(3, {st_mode=S_IFREG|0644, st_size=5744904, ...}) = 0
mmap(NULL, 5747848, PROT_READ, MAP_PRIVATE|MAP_DENYWRITE, 3, 0) = 0x7ffbe105b000
mmap(0x7ffbe105f000, 77824, PROT_READ|PROT_EXEC, MAP_PRIVATE|MAP_FIXED|MAP_DENYWRITE, 3, 0x4000) = 0x7ffbe105f000
mmap(0x7ffbe1072000, 5644288, PROT_READ, MAP_PRIVATE|MAP_FIXED|MAP_DENYWRITE, 3, 0x17000) = 0x7ffbe1072000
mmap(0x7ffbe15d4000, 12288, PROT_READ|PROT_WRITE, MAP_PRIVATE|MAP_FIXED|MAP_DENYWRITE, 3, 0x578000) = 0x7ffbe15d4000
close(3)                                = 0
mprotect(0x7ffbe15d4000, 8192, PROT_READ) = 0
openat(AT_FDCWD, "/usr/lib/php/20190902/ftp.so", O_RDONLY|O_CLOEXEC) = 3
read(3, "\177ELF\2\1\1\0\0\0\0\0\0\0\0\0\3\0>\0\1\0\0\0\300K\0\0\0\0\0\0"..., 832) = 832
fstat(3, {st_mode=S_IFREG|0644, st_size=67848, ...}) = 0
mmap(NULL, 69840, PROT_READ, MAP_PRIVATE|MAP_DENYWRITE, 3, 0) = 0x7ffbe1049000
mmap(0x7ffbe104d000, 32768, PROT_READ|PROT_EXEC, MAP_PRIVATE|MAP_FIXED|MAP_DENYWRITE, 3, 0x4000) = 0x7ffbe104d000
mmap(0x7ffbe1055000, 12288, PROT_READ, MAP_PRIVATE|MAP_FIXED|MAP_DENYWRITE, 3, 0xc000) = 0x7ffbe1055000
mmap(0x7ffbe1058000, 12288, PROT_READ|PROT_WRITE, MAP_PRIVATE|MAP_FIXED|MAP_DENYWRITE, 3, 0xe000) = 0x7ffbe1058000
close(3)                                = 0
mprotect(0x7ffbe1058000, 8192, PROT_READ) = 0
openat(AT_FDCWD, "/usr/lib/php/20190902/gettext.so", O_RDONLY|O_CLOEXEC) = 3
read(3, "\177ELF\2\1\1\0\0\0\0\0\0\0\0\0\3\0>\0\1\0\0\0\300\22\0\0\0\0\0\0"..., 832) = 832
fstat(3, {st_mode=S_IFREG|0644, st_size=18696, ...}) = 0
mmap(NULL, 20688, PROT_READ, MAP_PRIVATE|MAP_DENYWRITE, 3, 0) = 0x7ffbe1043000
mmap(0x7ffbe1044000, 8192, PROT_READ|PROT_EXEC, MAP_PRIVATE|MAP_FIXED|MAP_DENYWRITE, 3, 0x1000) = 0x7ffbe1044000
mmap(0x7ffbe1046000, 4096, PROT_READ, MAP_PRIVATE|MAP_FIXED|MAP_DENYWRITE, 3, 0x3000) = 0x7ffbe1046000
mmap(0x7ffbe1047000, 8192, PROT_READ|PROT_WRITE, MAP_PRIVATE|MAP_FIXED|MAP_DENYWRITE, 3, 0x3000) = 0x7ffbe1047000
close(3)                                = 0
mprotect(0x7ffbe1047000, 4096, PROT_READ) = 0
openat(AT_FDCWD, "/usr/lib/php/20190902/iconv.so", O_RDONLY|O_CLOEXEC) = 3
read(3, "\177ELF\2\1\1\0\0\0\0\0\0\0\0\0\3\0>\0\1\0\0\0 9\0\0\0\0\0\0"..., 832) = 832
fstat(3, {st_mode=S_IFREG|0644, st_size=51464, ...}) = 0
mmap(NULL, 53496, PROT_READ, MAP_PRIVATE|MAP_DENYWRITE, 3, 0) = 0x7ffbe1035000
mprotect(0x7ffbe1038000, 36864, PROT_NONE) = 0
mmap(0x7ffbe1038000, 24576, PROT_READ|PROT_EXEC, MAP_PRIVATE|MAP_FIXED|MAP_DENYWRITE, 3, 0x3000) = 0x7ffbe1038000
mmap(0x7ffbe103e000, 8192, PROT_READ, MAP_PRIVATE|MAP_FIXED|MAP_DENYWRITE, 3, 0x9000) = 0x7ffbe103e000
mmap(0x7ffbe1041000, 8192, PROT_READ|PROT_WRITE, MAP_PRIVATE|MAP_FIXED|MAP_DENYWRITE, 3, 0xb000) = 0x7ffbe1041000
close(3)                                = 0
mprotect(0x7ffbe1041000, 4096, PROT_READ) = 0
openat(AT_FDCWD, "/usr/lib/php/20190902/json.so", O_RDONLY|O_CLOEXEC) = 3
read(3, "\177ELF\2\1\1\0\0\0\0\0\0\0\0\0\3\0>\0\1\0\0\0\240%\0\0\0\0\0\0"..., 832) = 832
fstat(3, {st_mode=S_IFREG|0644, st_size=47368, ...}) = 0
mmap(NULL, 49392, PROT_READ, MAP_PRIVATE|MAP_DENYWRITE, 3, 0) = 0x7ffbe1028000
mmap(0x7ffbe102a000, 28672, PROT_READ|PROT_EXEC, MAP_PRIVATE|MAP_FIXED|MAP_DENYWRITE, 3, 0x2000) = 0x7ffbe102a000
mmap(0x7ffbe1031000, 8192, PROT_READ, MAP_PRIVATE|MAP_FIXED|MAP_DENYWRITE, 3, 0x9000) = 0x7ffbe1031000
mmap(0x7ffbe1033000, 8192, PROT_READ|PROT_WRITE, MAP_PRIVATE|MAP_FIXED|MAP_DENYWRITE, 3, 0xa000) = 0x7ffbe1033000
close(3)                                = 0
mprotect(0x7ffbe1033000, 4096, PROT_READ) = 0
openat(AT_FDCWD, "/usr/lib/php/20190902/phar.so", O_RDONLY|O_CLOEXEC) = 3
read(3, "\177ELF\2\1\1\0\0\0\0\0\0\0\0\0\3\0>\0\1\0\0\0\0\211\0\0\0\0\0\0"..., 832) = 832
fstat(3, {st_mode=S_IFREG|0644, st_size=280840, ...}) = 0
mmap(NULL, 283808, PROT_READ, MAP_PRIVATE|MAP_DENYWRITE, 3, 0) = 0x7ffbe0fe2000
mprotect(0x7ffbe0fe9000, 241664, PROT_NONE) = 0
mmap(0x7ffbe0fe9000, 176128, PROT_READ|PROT_EXEC, MAP_PRIVATE|MAP_FIXED|MAP_DENYWRITE, 3, 0x7000) = 0x7ffbe0fe9000
mmap(0x7ffbe1014000, 61440, PROT_READ, MAP_PRIVATE|MAP_FIXED|MAP_DENYWRITE, 3, 0x32000) = 0x7ffbe1014000
mmap(0x7ffbe1024000, 16384, PROT_READ|PROT_WRITE, MAP_PRIVATE|MAP_FIXED|MAP_DENYWRITE, 3, 0x41000) = 0x7ffbe1024000
close(3)                                = 0
mprotect(0x7ffbe1024000, 12288, PROT_READ) = 0
openat(AT_FDCWD, "/usr/lib/php/20190902/posix.so", O_RDONLY|O_CLOEXEC) = 3
read(3, "\177ELF\2\1\1\0\0\0\0\0\0\0\0\0\3\0>\0\1\0\0\0\3008\0\0\0\0\0\0"..., 832) = 832
fstat(3, {st_mode=S_IFREG|0644, st_size=43272, ...}) = 0
mmap(NULL, 45264, PROT_READ, MAP_PRIVATE|MAP_DENYWRITE, 3, 0) = 0x7ffbe0fd6000
mprotect(0x7ffbe0fd9000, 28672, PROT_NONE) = 0
mmap(0x7ffbe0fd9000, 16384, PROT_READ|PROT_EXEC, MAP_PRIVATE|MAP_FIXED|MAP_DENYWRITE, 3, 0x3000) = 0x7ffbe0fd9000
mmap(0x7ffbe0fdd000, 8192, PROT_READ, MAP_PRIVATE|MAP_FIXED|MAP_DENYWRITE, 3, 0x7000) = 0x7ffbe0fdd000
mmap(0x7ffbe0fe0000, 8192, PROT_READ|PROT_WRITE, MAP_PRIVATE|MAP_FIXED|MAP_DENYWRITE, 3, 0x9000) = 0x7ffbe0fe0000
close(3)                                = 0
mprotect(0x7ffbe0fe0000, 4096, PROT_READ) = 0
openat(AT_FDCWD, "/usr/lib/php/20190902/readline.so", O_RDONLY|O_CLOEXEC) = 3
read(3, "\177ELF\2\1\1\0\0\0\0\0\0\0\0\0\3\0>\0\1\0\0\0\3009\0\0\0\0\0\0"..., 832) = 832
fstat(3, {st_mode=S_IFREG|0644, st_size=39176, ...}) = 0
mmap(NULL, 41288, PROT_READ, MAP_PRIVATE|MAP_DENYWRITE, 3, 0) = 0x7ffbe0fcb000
mprotect(0x7ffbe0fce000, 24576, PROT_NONE) = 0
mmap(0x7ffbe0fce000, 16384, PROT_READ|PROT_EXEC, MAP_PRIVATE|MAP_FIXED|MAP_DENYWRITE, 3, 0x3000) = 0x7ffbe0fce000
mmap(0x7ffbe0fd2000, 4096, PROT_READ, MAP_PRIVATE|MAP_FIXED|MAP_DENYWRITE, 3, 0x7000) = 0x7ffbe0fd2000
mmap(0x7ffbe0fd4000, 8192, PROT_READ|PROT_WRITE, MAP_PRIVATE|MAP_FIXED|MAP_DENYWRITE, 3, 0x8000) = 0x7ffbe0fd4000
close(3)                                = 0
openat(AT_FDCWD, "/etc/ld.so.cache", O_RDONLY|O_CLOEXEC) = 3
fstat(3, {st_mode=S_IFREG|0644, st_size=13632, ...}) = 0
mmap(NULL, 13632, PROT_READ, MAP_PRIVATE, 3, 0) = 0x7ffbe41a1000
close(3)                                = 0
openat(AT_FDCWD, "/lib/x86_64-linux-gnu/libedit.so.2", O_RDONLY|O_CLOEXEC) = 3
read(3, "\177ELF\2\1\1\0\0\0\0\0\0\0\0\0\3\0>\0\1\0\0\0\260\217\0\0\0\0\0\0"..., 832) = 832
fstat(3, {st_mode=S_IFREG|0644, st_size=208152, ...}) = 0
mmap(NULL, 225376, PROT_READ, MAP_PRIVATE|MAP_DENYWRITE, 3, 0) = 0x7ffbe0f93000
mmap(0x7ffbe0f9b000, 110592, PROT_READ|PROT_EXEC, MAP_PRIVATE|MAP_FIXED|MAP_DENYWRITE, 3, 0x8000) = 0x7ffbe0f9b000
mmap(0x7ffbe0fb6000, 57344, PROT_READ, MAP_PRIVATE|MAP_FIXED|MAP_DENYWRITE, 3, 0x23000) = 0x7ffbe0fb6000
mmap(0x7ffbe0fc4000, 12288, PROT_READ|PROT_WRITE, MAP_PRIVATE|MAP_FIXED|MAP_DENYWRITE, 3, 0x30000) = 0x7ffbe0fc4000
mmap(0x7ffbe0fc7000, 12384, PROT_READ|PROT_WRITE, MAP_PRIVATE|MAP_FIXED|MAP_ANONYMOUS, -1, 0) = 0x7ffbe0fc7000
close(3)                                = 0
openat(AT_FDCWD, "/lib/x86_64-linux-gnu/libtinfo.so.6", O_RDONLY|O_CLOEXEC) = 3
read(3, "\177ELF\2\1\1\0\0\0\0\0\0\0\0\0\3\0>\0\1\0\0\0\240\346\0\0\0\0\0\0"..., 832) = 832
fstat(3, {st_mode=S_IFREG|0644, st_size=192032, ...}) = 0
mmap(NULL, 194944, PROT_READ, MAP_PRIVATE|MAP_DENYWRITE, 3, 0) = 0x7ffbe0f63000
mmap(0x7ffbe0f71000, 61440, PROT_READ|PROT_EXEC, MAP_PRIVATE|MAP_FIXED|MAP_DENYWRITE, 3, 0xe000) = 0x7ffbe0f71000
mmap(0x7ffbe0f80000, 57344, PROT_READ, MAP_PRIVATE|MAP_FIXED|MAP_DENYWRITE, 3, 0x1d000) = 0x7ffbe0f80000
mmap(0x7ffbe0f8e000, 20480, PROT_READ|PROT_WRITE, MAP_PRIVATE|MAP_FIXED|MAP_DENYWRITE, 3, 0x2a000) = 0x7ffbe0f8e000
close(3)                                = 0
openat(AT_FDCWD, "/lib/x86_64-linux-gnu/libbsd.so.0", O_RDONLY|O_CLOEXEC) = 3
read(3, "\177ELF\2\1\1\0\0\0\0\0\0\0\0\0\3\0>\0\1\0\0\0@N\0\0\0\0\0\0"..., 832) = 832
fstat(3, {st_mode=S_IFREG|0644, st_size=96728, ...}) = 0
mmap(NULL, 102768, PROT_READ, MAP_PRIVATE|MAP_DENYWRITE, 3, 0) = 0x7ffbe0f49000
mprotect(0x7ffbe0f4d000, 77824, PROT_NONE) = 0
mmap(0x7ffbe0f4d000, 61440, PROT_READ|PROT_EXEC, MAP_PRIVATE|MAP_FIXED|MAP_DENYWRITE, 3, 0x4000) = 0x7ffbe0f4d000
mmap(0x7ffbe0f5c000, 12288, PROT_READ, MAP_PRIVATE|MAP_FIXED|MAP_DENYWRITE, 3, 0x13000) = 0x7ffbe0f5c000
mmap(0x7ffbe0f60000, 8192, PROT_READ|PROT_WRITE, MAP_PRIVATE|MAP_FIXED|MAP_DENYWRITE, 3, 0x16000) = 0x7ffbe0f60000
mmap(0x7ffbe0f62000, 368, PROT_READ|PROT_WRITE, MAP_PRIVATE|MAP_FIXED|MAP_ANONYMOUS, -1, 0) = 0x7ffbe0f62000
close(3)                                = 0
mprotect(0x7ffbe0f60000, 4096, PROT_READ) = 0
mprotect(0x7ffbe0f8e000, 16384, PROT_READ) = 0
mprotect(0x7ffbe0fc4000, 8192, PROT_READ) = 0
mprotect(0x7ffbe0fd4000, 4096, PROT_READ) = 0
munmap(0x7ffbe41a1000, 13632)           = 0
openat(AT_FDCWD, "/usr/lib/php/20190902/shmop.so", O_RDONLY|O_CLOEXEC) = 3
read(3, "\177ELF\2\1\1\0\0\0\0\0\0\0\0\0\3\0>\0\1\0\0\0\300\22\0\0\0\0\0\0"..., 832) = 832
fstat(3, {st_mode=S_IFREG|0644, st_size=14600, ...}) = 0
mmap(NULL, 16600, PROT_READ, MAP_PRIVATE|MAP_DENYWRITE, 3, 0) = 0x7ffbe0f44000
mmap(0x7ffbe0f45000, 4096, PROT_READ|PROT_EXEC, MAP_PRIVATE|MAP_FIXED|MAP_DENYWRITE, 3, 0x1000) = 0x7ffbe0f45000
mmap(0x7ffbe0f46000, 4096, PROT_READ, MAP_PRIVATE|MAP_FIXED|MAP_DENYWRITE, 3, 0x2000) = 0x7ffbe0f46000
mmap(0x7ffbe0f47000, 8192, PROT_READ|PROT_WRITE, MAP_PRIVATE|MAP_FIXED|MAP_DENYWRITE, 3, 0x2000) = 0x7ffbe0f47000
close(3)                                = 0
mprotect(0x7ffbe0f47000, 4096, PROT_READ) = 0
openat(AT_FDCWD, "/usr/lib/php/20190902/sockets.so", O_RDONLY|O_CLOEXEC) = 3
read(3, "\177ELF\2\1\1\0\0\0\0\0\0\0\0\0\3\0>\0\1\0\0\0`_\0\0\0\0\0\0"..., 832) = 832
fstat(3, {st_mode=S_IFREG|0644, st_size=100616, ...}) = 0
mmap(NULL, 102736, PROT_READ, MAP_PRIVATE|MAP_DENYWRITE, 3, 0) = 0x7ffbe0f2a000
mprotect(0x7ffbe0f2f000, 73728, PROT_NONE) = 0
mmap(0x7ffbe0f2f000, 49152, PROT_READ|PROT_EXEC, MAP_PRIVATE|MAP_FIXED|MAP_DENYWRITE, 3, 0x5000) = 0x7ffbe0f2f000
mmap(0x7ffbe0f3b000, 20480, PROT_READ, MAP_PRIVATE|MAP_FIXED|MAP_DENYWRITE, 3, 0x11000) = 0x7ffbe0f3b000
mmap(0x7ffbe0f41000, 12288, PROT_READ|PROT_WRITE, MAP_PRIVATE|MAP_FIXED|MAP_DENYWRITE, 3, 0x16000) = 0x7ffbe0f41000
close(3)                                = 0
mprotect(0x7ffbe0f41000, 8192, PROT_READ) = 0
openat(AT_FDCWD, "/usr/lib/php/20190902/sysvmsg.so", O_RDONLY|O_CLOEXEC) = 3
read(3, "\177ELF\2\1\1\0\0\0\0\0\0\0\0\0\3\0>\0\1\0\0\0\340$\0\0\0\0\0\0"..., 832) = 832
fstat(3, {st_mode=S_IFREG|0644, st_size=22792, ...}) = 0
mmap(NULL, 24784, PROT_READ, MAP_PRIVATE|MAP_DENYWRITE, 3, 0) = 0x7ffbe0f23000
mmap(0x7ffbe0f25000, 8192, PROT_READ|PROT_EXEC, MAP_PRIVATE|MAP_FIXED|MAP_DENYWRITE, 3, 0x2000) = 0x7ffbe0f25000
mmap(0x7ffbe0f27000, 4096, PROT_READ, MAP_PRIVATE|MAP_FIXED|MAP_DENYWRITE, 3, 0x4000) = 0x7ffbe0f27000
mmap(0x7ffbe0f28000, 8192, PROT_READ|PROT_WRITE, MAP_PRIVATE|MAP_FIXED|MAP_DENYWRITE, 3, 0x4000) = 0x7ffbe0f28000
close(3)                                = 0
mprotect(0x7ffbe0f28000, 4096, PROT_READ) = 0
openat(AT_FDCWD, "/usr/lib/php/20190902/sysvsem.so", O_RDONLY|O_CLOEXEC) = 3
read(3, "\177ELF\2\1\1\0\0\0\0\0\0\0\0\0\3\0>\0\1\0\0\0@\22\0\0\0\0\0\0"..., 832) = 832
fstat(3, {st_mode=S_IFREG|0644, st_size=14600, ...}) = 0
mmap(NULL, 16592, PROT_READ, MAP_PRIVATE|MAP_DENYWRITE, 3, 0) = 0x7ffbe0f1e000
mmap(0x7ffbe0f1f000, 4096, PROT_READ|PROT_EXEC, MAP_PRIVATE|MAP_FIXED|MAP_DENYWRITE, 3, 0x1000) = 0x7ffbe0f1f000
mmap(0x7ffbe0f20000, 4096, PROT_READ, MAP_PRIVATE|MAP_FIXED|MAP_DENYWRITE, 3, 0x2000) = 0x7ffbe0f20000
mmap(0x7ffbe0f21000, 8192, PROT_READ|PROT_WRITE, MAP_PRIVATE|MAP_FIXED|MAP_DENYWRITE, 3, 0x2000) = 0x7ffbe0f21000
close(3)                                = 0
mprotect(0x7ffbe0f21000, 4096, PROT_READ) = 0
openat(AT_FDCWD, "/usr/lib/php/20190902/sysvshm.so", O_RDONLY|O_CLOEXEC) = 3
read(3, "\177ELF\2\1\1\0\0\0\0\0\0\0\0\0\3\0>\0\1\0\0\0\240#\0\0\0\0\0\0"..., 832) = 832
fstat(3, {st_mode=S_IFREG|0644, st_size=18696, ...}) = 0
mmap(NULL, 20720, PROT_READ, MAP_PRIVATE|MAP_DENYWRITE, 3, 0) = 0x7ffbe0f18000
mmap(0x7ffbe0f1a000, 4096, PROT_READ|PROT_EXEC, MAP_PRIVATE|MAP_FIXED|MAP_DENYWRITE, 3, 0x2000) = 0x7ffbe0f1a000
mmap(0x7ffbe0f1b000, 4096, PROT_READ, MAP_PRIVATE|MAP_FIXED|MAP_DENYWRITE, 3, 0x3000) = 0x7ffbe0f1b000
mmap(0x7ffbe0f1c000, 8192, PROT_READ|PROT_WRITE, MAP_PRIVATE|MAP_FIXED|MAP_DENYWRITE, 3, 0x3000) = 0x7ffbe0f1c000
close(3)                                = 0
mprotect(0x7ffbe0f1c000, 4096, PROT_READ) = 0
openat(AT_FDCWD, "/usr/lib/php/20190902/tokenizer.so", O_RDONLY|O_CLOEXEC) = 3
read(3, "\177ELF\2\1\1\0\0\0\0\0\0\0\0\0\3\0>\0\1\0\0\0\340\23\0\0\0\0\0\0"..., 832) = 832
fstat(3, {st_mode=S_IFREG|0644, st_size=26888, ...}) = 0
mmap(NULL, 28880, PROT_READ, MAP_PRIVATE|MAP_DENYWRITE, 3, 0) = 0x7ffbe0f10000
mprotect(0x7ffbe0f11000, 20480, PROT_NONE) = 0
mmap(0x7ffbe0f11000, 12288, PROT_READ|PROT_EXEC, MAP_PRIVATE|MAP_FIXED|MAP_DENYWRITE, 3, 0x1000) = 0x7ffbe0f11000
mmap(0x7ffbe0f14000, 4096, PROT_READ, MAP_PRIVATE|MAP_FIXED|MAP_DENYWRITE, 3, 0x4000) = 0x7ffbe0f14000
mmap(0x7ffbe0f16000, 8192, PROT_READ|PROT_WRITE, MAP_PRIVATE|MAP_FIXED|MAP_DENYWRITE, 3, 0x5000) = 0x7ffbe0f16000
close(3)                                = 0
mprotect(0x7ffbe0f16000, 4096, PROT_READ) = 0
brk(0x55801cc55000)                     = 0x55801cc55000
futex(0x7ffbe4022de8, FUTEX_WAKE_PRIVATE, 2147483647) = 0
futex(0x7ffbe3dd3818, FUTEX_WAKE_PRIVATE, 2147483647) = 0
futex(0x7ffbe3dd380c, FUTEX_WAKE_PRIVATE, 2147483647) = 0
futex(0x7ffbe3dd3804, FUTEX_WAKE_PRIVATE, 2147483647) = 0
futex(0x7ffbe3dd38d8, FUTEX_WAKE_PRIVATE, 2147483647) = 0
futex(0x7ffbe3dd37f0, FUTEX_WAKE_PRIVATE, 2147483647) = 0
futex(0x7ffbe3dd37e8, FUTEX_WAKE_PRIVATE, 2147483647) = 0
futex(0x7ffbe3dd0c5c, FUTEX_WAKE_PRIVATE, 2147483647) = 0
futex(0x7ffbe3dd36c4, FUTEX_WAKE_PRIVATE, 2147483647) = 0
futex(0x7ffbe3dd365c, FUTEX_WAKE_PRIVATE, 2147483647) = 0
futex(0x7ffbe3dd3650, FUTEX_WAKE_PRIVATE, 2147483647) = 0
brk(0x55801cc76000)                     = 0x55801cc76000
futex(0x7ffbe3dd37fc, FUTEX_WAKE_PRIVATE, 2147483647) = 0
futex(0x7ffbe3dd37b8, FUTEX_WAKE_PRIVATE, 2147483647) = 0
futex(0x7ffbe3dd37b0, FUTEX_WAKE_PRIVATE, 2147483647) = 0
openat(AT_FDCWD, "/usr/lib/ssl/openssl.cnf", O_RDONLY) = 3
fstat(3, {st_mode=S_IFREG|0644, st_size=10909, ...}) = 0
read(3, "#\n# OpenSSL example configuratio"..., 4096) = 4096
read(3, "# WARNING: ancient versions of N"..., 4096) = 4096
read(3, "es of the usage of nsCertType. I"..., 4096) = 2717
read(3, "", 4096)                       = 0
close(3)                                = 0
futex(0x7ffbe3dd37e0, FUTEX_WAKE_PRIVATE, 2147483647) = 0
futex(0x7ffbe3e69840, FUTEX_WAKE_PRIVATE, 2147483647) = 0
sysinfo({uptime=13300, loads=[0, 2304, 1248], totalram=8347459584, freeram=6640852992, sharedram=344014848, bufferram=106434560, totalswap=1073737728, freeswap=1073737728, procs=440, totalhigh=0, freehigh=0, mem_unit=1}) = 0
futex(0x7ffbe3e69928, FUTEX_WAKE_PRIVATE, 2147483647) = 0
mmap(NULL, 196608, PROT_READ|PROT_WRITE, MAP_PRIVATE|MAP_ANONYMOUS, -1, 0) = 0x7ffbe0ee0000
mmap(NULL, 167936, PROT_READ|PROT_WRITE, MAP_PRIVATE|MAP_ANONYMOUS, -1, 0) = 0x7ffbe0eb7000
brk(0x55801cc97000)                     = 0x55801cc97000
brk(0x55801ccb8000)                     = 0x55801ccb8000
brk(0x55801ccd9000)                     = 0x55801ccd9000
prlimit64(0, RLIMIT_STACK, NULL, {rlim_cur=8192*1024, rlim_max=RLIM64_INFINITY}) = 0
getrandom("\xfe\x09\x90\x25\xa1\x6b\x59\xd4\x54\x43\xea\xfa\xc1\x73\xde\x12", 16, 0) = 16
getrandom("\x7c\x7e\x5d\x82\x4c\x76\xbc\x4a\xf5\x28\xbb\x30\x92\x88\xea\x78", 16, 0) = 16
brk(0x55801ccfa000)                     = 0x55801ccfa000
brk(0x55801cd26000)                     = 0x55801cd26000
mmap(NULL, 331776, PROT_READ|PROT_WRITE, MAP_PRIVATE|MAP_ANONYMOUS, -1, 0) = 0x7ffbe0e66000
munmap(0x7ffbe0eb7000, 167936)          = 0
openat(AT_FDCWD, "./hello.php", O_RDONLY) = 3
getcwd("/workspace/linux", 4096)        = 17
lstat("/workspace/linux/./hello.php", {st_mode=S_IFREG|0644, st_size=37, ...}) = 0
lstat("/workspace/linux", {st_mode=S_IFDIR|0755, st_size=288, ...}) = 0
lstat("/workspace", {st_mode=S_IFDIR|0755, st_size=320, ...}) = 0
rt_sigaction(SIGPROF, NULL, {sa_handler=SIG_DFL, sa_mask=[], sa_flags=0}, 8) = 0
rt_sigaction(SIGPROF, {sa_handler=0x55801aa31da0, sa_mask=~[ILL TRAP ABRT BUS FPE KILL SEGV CONT STOP TSTP TTIN TTOU SYS RTMIN RT_1], sa_flags=SA_RESTORER|SA_SIGINFO, sa_restorer=0x7ffbe384c090}, NULL, 8) = 0
rt_sigaction(SIGHUP, NULL, {sa_handler=SIG_DFL, sa_mask=[], sa_flags=0}, 8) = 0
rt_sigaction(SIGHUP, {sa_handler=0x55801aa31da0, sa_mask=~[ILL TRAP ABRT BUS FPE KILL SEGV CONT STOP TSTP TTIN TTOU SYS RTMIN RT_1], sa_flags=SA_RESTORER|SA_SIGINFO, sa_restorer=0x7ffbe384c090}, NULL, 8) = 0
rt_sigaction(SIGINT, NULL, {sa_handler=SIG_DFL, sa_mask=[], sa_flags=0}, 8) = 0
rt_sigaction(SIGINT, {sa_handler=0x55801aa31da0, sa_mask=~[ILL TRAP ABRT BUS FPE KILL SEGV CONT STOP TSTP TTIN TTOU SYS RTMIN RT_1], sa_flags=SA_RESTORER|SA_SIGINFO, sa_restorer=0x7ffbe384c090}, NULL, 8) = 0
rt_sigaction(SIGQUIT, NULL, {sa_handler=SIG_DFL, sa_mask=[], sa_flags=0}, 8) = 0
rt_sigaction(SIGQUIT, {sa_handler=0x55801aa31da0, sa_mask=~[ILL TRAP ABRT BUS FPE KILL SEGV CONT STOP TSTP TTIN TTOU SYS RTMIN RT_1], sa_flags=SA_RESTORER|SA_SIGINFO, sa_restorer=0x7ffbe384c090}, NULL, 8) = 0
rt_sigaction(SIGTERM, NULL, {sa_handler=SIG_DFL, sa_mask=[], sa_flags=0}, 8) = 0
rt_sigaction(SIGTERM, {sa_handler=0x55801aa31da0, sa_mask=~[ILL TRAP ABRT BUS FPE KILL SEGV CONT STOP TSTP TTIN TTOU SYS RTMIN RT_1], sa_flags=SA_RESTORER|SA_SIGINFO, sa_restorer=0x7ffbe384c090}, NULL, 8) = 0
rt_sigaction(SIGUSR1, NULL, {sa_handler=SIG_DFL, sa_mask=[], sa_flags=0}, 8) = 0
rt_sigaction(SIGUSR1, {sa_handler=0x55801aa31da0, sa_mask=~[ILL TRAP ABRT BUS FPE KILL SEGV CONT STOP TSTP TTIN TTOU SYS RTMIN RT_1], sa_flags=SA_RESTORER|SA_SIGINFO, sa_restorer=0x7ffbe384c090}, NULL, 8) = 0
rt_sigaction(SIGUSR2, NULL, {sa_handler=SIG_DFL, sa_mask=[], sa_flags=0}, 8) = 0
rt_sigaction(SIGUSR2, {sa_handler=0x55801aa31da0, sa_mask=~[ILL TRAP ABRT BUS FPE KILL SEGV CONT STOP TSTP TTIN TTOU SYS RTMIN RT_1], sa_flags=SA_RESTORER|SA_SIGINFO, sa_restorer=0x7ffbe384c090}, NULL, 8) = 0
rt_sigaction(SIGPROF, {sa_handler=0x55801aa31da0, sa_mask=~[ILL TRAP ABRT BUS FPE KILL SEGV CONT STOP TSTP TTIN TTOU SYS RTMIN RT_1], sa_flags=SA_RESTORER|SA_SIGINFO, sa_restorer=0x7ffbe384c090}, NULL, 8) = 0
rt_sigprocmask(SIG_UNBLOCK, [PROF], NULL, 8) = 0
gettimeofday({tv_sec=1658150582, tv_usec=989794}, NULL) = 0
fstat(0, {st_mode=S_IFCHR|0620, st_rdev=makedev(0x88, 0), ...}) = 0
fstat(0, {st_mode=S_IFCHR|0620, st_rdev=makedev(0x88, 0), ...}) = 0
fstat(1, {st_mode=S_IFCHR|0620, st_rdev=makedev(0x88, 0), ...}) = 0
fstat(1, {st_mode=S_IFCHR|0620, st_rdev=makedev(0x88, 0), ...}) = 0
fstat(2, {st_mode=S_IFCHR|0620, st_rdev=makedev(0x88, 0), ...}) = 0
fstat(2, {st_mode=S_IFCHR|0620, st_rdev=makedev(0x88, 0), ...}) = 0
getcwd("/workspace/linux", 4096)        = 17
ioctl(3, TCGETS, 0x7ffc802c78f0)        = -1 ENOSYS (Function not implemented)
fstat(3, {st_mode=S_IFREG|0644, st_size=37, ...}) = 0
fstat(3, {st_mode=S_IFREG|0644, st_size=37, ...}) = 0
read(3, "<?php\nprint(\"hello world\" . PHP_"..., 4096) = 37
close(3)                                = 0
write(1, "hello world\n", 12)           = 12
close(2)                                = 0
close(1)                                = 0
close(0)                                = 0
munmap(0x7ffbe0f10000, 28880)           = 0
munmap(0x7ffbe0f18000, 20720)           = 0
munmap(0x7ffbe0f1e000, 16592)           = 0
munmap(0x7ffbe0f23000, 24784)           = 0
munmap(0x7ffbe0f2a000, 102736)          = 0
munmap(0x7ffbe0f44000, 16600)           = 0
munmap(0x7ffbe0fcb000, 41288)           = 0
munmap(0x7ffbe0f93000, 225376)          = 0
munmap(0x7ffbe0f63000, 194944)          = 0
munmap(0x7ffbe0f49000, 102768)          = 0
munmap(0x7ffbe0fd6000, 45264)           = 0
munmap(0x7ffbe0fe2000, 283808)          = 0
munmap(0x7ffbe1028000, 49392)           = 0
munmap(0x7ffbe1035000, 53496)           = 0
munmap(0x7ffbe1043000, 20688)           = 0
munmap(0x7ffbe1049000, 69840)           = 0
munmap(0x7ffbe105b000, 5747848)         = 0
munmap(0x7ffbe15d7000, 166152)          = 0
munmap(0x7ffbe1802000, 46632)           = 0
munmap(0x7ffbe180e000, 94520)           = 0
munmap(0x7ffbe1826000, 16592)           = 0
munmap(0x7ffbe182b000, 45264)           = 0
munmap(0x7ffbe1837000, 115880)          = 0
munmap(0x7ffbe0ee0000, 196608)          = 0
munmap(0x7ffbe185e000, 595464)          = 0
munmap(0x7ffbe1600000, 2097152)         = 0
munmap(0x7ffbe0e66000, 331776)          = 0
munmap(0x7ffbe18f0000, 135168)          = 0
exit_group(0)                           = ?
+++ exited with 0 +++
